2024-08-11 20:16:01,278 - ERROR - An unexpected error occurred: 'tuple' object is not callable
2024-08-11 20:19:52,989 - ERROR - An unexpected error occurred: <urlopen error [SSL: CERTIFICATE_VERIFY_FAILED] certificate verify failed: unable to get local issuer certificate (_ssl.c:1000)>
2024-08-11 20:22:18,259 - ERROR - An unexpected error occurred: <urlopen error [SSL: CERTIFICATE_VERIFY_FAILED] certificate verify failed: unable to get local issuer certificate (_ssl.c:1000)>
2024-08-11 20:30:50,378 - INFO - patching driver executable /Users/eleven23/Library/Application Support/undetected_chromedriver/undetected_chromedriver
2024-08-11 20:31:02,093 - INFO - patching driver executable /Users/eleven23/Library/Application Support/undetected_chromedriver/undetected_chromedriver
2024-08-11 20:31:02,566 - ERROR - Captcha element not found on the page.
2024-08-11 20:31:17,835 - ERROR - Captcha element not found on the page.
2024-08-11 20:31:18,474 - INFO - patching driver executable /Users/eleven23/Library/Application Support/undetected_chromedriver/undetected_chromedriver
2024-08-11 20:31:20,771 - ERROR - Captcha element not found on the page.
2024-08-11 20:31:22,069 - INFO - patching driver executable /Users/eleven23/Library/Application Support/undetected_chromedriver/undetected_chromedriver
2024-08-11 20:31:24,146 - ERROR - Captcha element not found on the page.
2024-08-11 20:31:25,309 - INFO - patching driver executable /Users/eleven23/Library/Application Support/undetected_chromedriver/undetected_chromedriver
2024-08-11 20:31:27,721 - ERROR - Captcha element not found on the page.
2024-08-11 20:31:38,793 - INFO - patching driver executable /Users/eleven23/Library/Application Support/undetected_chromedriver/undetected_chromedriver
2024-08-11 20:31:41,437 - ERROR - Captcha element not found on the page.
2024-08-11 20:31:43,824 - INFO - patching driver executable /Users/eleven23/Library/Application Support/undetected_chromedriver/undetected_chromedriver
2024-08-11 20:31:46,498 - ERROR - Captcha element not found on the page.
2024-08-11 20:31:51,060 - INFO - patching driver executable /Users/eleven23/Library/Application Support/undetected_chromedriver/undetected_chromedriver
2024-08-11 20:31:53,734 - ERROR - Captcha element not found on the page.
2024-08-11 20:31:59,484 - INFO - patching driver executable /Users/eleven23/Library/Application Support/undetected_chromedriver/undetected_chromedriver
2024-08-11 20:32:01,817 - ERROR - Captcha element not found on the page.
2024-08-11 20:32:05,086 - INFO - patching driver executable /Users/eleven23/Library/Application Support/undetected_chromedriver/undetected_chromedriver
2024-08-11 20:32:08,996 - ERROR - Captcha element not found on the page.
2024-08-11 20:32:12,013 - INFO - patching driver executable /Users/eleven23/Library/Application Support/undetected_chromedriver/undetected_chromedriver
2024-08-11 20:32:15,886 - ERROR - Captcha element not found on the page.
2024-08-11 20:32:17,866 - INFO - patching driver executable /Users/eleven23/Library/Application Support/undetected_chromedriver/undetected_chromedriver
2024-08-11 20:32:22,167 - ERROR - Captcha element not found on the page.
2024-08-11 20:32:24,010 - INFO - patching driver executable /Users/eleven23/Library/Application Support/undetected_chromedriver/undetected_chromedriver
2024-08-11 20:32:28,940 - ERROR - Captcha element not found on the page.
2024-08-12 16:43:01,614 - INFO - patching driver executable /Users/eleven23/Library/Application Support/undetected_chromedriver/undetected_chromedriver
2024-08-12 16:43:04,457 - ERROR - Error occurred while submitting form for Yasin Omar on None: handle_captcha() missing 2 required positional arguments: 'individual_name' and 'website_name'
2024-08-12 16:43:04,759 - INFO - patching driver executable /Users/eleven23/Library/Application Support/undetected_chromedriver/undetected_chromedriver
2024-08-12 16:43:05,033 - ERROR - Error occurred while submitting form for Yasin Omar on None: handle_captcha() missing 2 required positional arguments: 'individual_name' and 'website_name'
2024-08-12 16:43:05,675 - ERROR - Error occurred while submitting form for Yasin Omar on None: handle_captcha() missing 2 required positional arguments: 'individual_name' and 'website_name'
2024-08-12 16:43:07,300 - ERROR - Error occurred while submitting form for Emmanuel Akinnitire on None: handle_captcha() missing 2 required positional arguments: 'individual_name' and 'website_name'
2024-08-12 16:43:07,906 - ERROR - Error occurred while submitting form for Emmanuel Akinnitire on None: handle_captcha() missing 2 required positional arguments: 'individual_name' and 'website_name'
2024-08-12 16:43:08,112 - INFO - patching driver executable /Users/eleven23/Library/Application Support/undetected_chromedriver/undetected_chromedriver
2024-08-12 16:43:08,473 - ERROR - Error occurred while submitting form for Emmanuel Akinnitire on None: handle_captcha() missing 2 required positional arguments: 'individual_name' and 'website_name'
2024-08-12 16:43:10,420 - ERROR - Error occurred while submitting form for Daniel Rollerson on None: handle_captcha() missing 2 required positional arguments: 'individual_name' and 'website_name'
2024-08-12 16:43:11,070 - ERROR - Error occurred while submitting form for Daniel Rollerson on None: handle_captcha() missing 2 required positional arguments: 'individual_name' and 'website_name'
2024-08-12 16:43:11,659 - ERROR - Error occurred while submitting form for Daniel Rollerson on None: handle_captcha() missing 2 required positional arguments: 'individual_name' and 'website_name'
2024-08-12 16:43:11,860 - INFO - patching driver executable /Users/eleven23/Library/Application Support/undetected_chromedriver/undetected_chromedriver
2024-08-12 16:48:37,320 - INFO - patching driver executable /Users/eleven23/Library/Application Support/undetected_chromedriver/undetected_chromedriver
2024-08-12 16:48:40,018 - ERROR - Captcha element not found for Yasin Omar on None (https://www.factortrust.com/consumer/optout.aspx)
2024-08-12 16:48:40,030 - ERROR - Error occurred while submitting form for Yasin Omar on None: Message: no such element: Unable to locate element: {"method":"css selector","selector":"[name="submit"]"}
  (Session info: chrome=127.0.6533.100); For documentation on this error, please visit: https://www.selenium.dev/documentation/webdriver/troubleshooting/errors#no-such-element-exception
Stacktrace:
0   undetected_chromedriver             0x000000010f79d848 undetected_chromedriver + 5179464
1   undetected_chromedriver             0x000000010f79527a undetected_chromedriver + 5145210
2   undetected_chromedriver             0x000000010f30c2b0 undetected_chromedriver + 389808
3   undetected_chromedriver             0x000000010f3583e1 undetected_chromedriver + 701409
4   undetected_chromedriver             0x000000010f358691 undetected_chromedriver + 702097
5   undetected_chromedriver             0x000000010f39a464 undetected_chromedriver + 971876
6   undetected_chromedriver             0x000000010f37a7dd undetected_chromedriver + 841693
7   undetected_chromedriver             0x000000010f397b9b undetected_chromedriver + 961435
8   undetected_chromedriver             0x000000010f37a553 undetected_chromedriver + 841043
9   undetected_chromedriver             0x000000010f34b7f6 undetected_chromedriver + 649206
10  undetected_chromedriver             0x000000010f34c05e undetected_chromedriver + 651358
11  undetected_chromedriver             0x000000010f760ab0 undetected_chromedriver + 4930224
12  undetected_chromedriver             0x000000010f7659c6 undetected_chromedriver + 4950470
13  undetected_chromedriver             0x000000010f766095 undetected_chromedriver + 4952213
14  undetected_chromedriver             0x000000010f742e79 undetected_chromedriver + 4808313
15  undetected_chromedriver             0x000000010f766389 undetected_chromedriver + 4952969
16  undetected_chromedriver             0x000000010f7347d4 undetected_chromedriver + 4749268
17  undetected_chromedriver             0x000000010f785558 undetected_chromedriver + 5080408
18  undetected_chromedriver             0x000000010f785717 undetected_chromedriver + 5080855
19  undetected_chromedriver             0x000000010f794e5e undetected_chromedriver + 5144158
20  libsystem_pthread.dylib             0x00007ff81b10a4e1 _pthread_start + 125
21  libsystem_pthread.dylib             0x00007ff81b105f6b thread_start + 15

2024-08-12 16:48:40,515 - INFO - patching driver executable /Users/eleven23/Library/Application Support/undetected_chromedriver/undetected_chromedriver
2024-08-12 16:48:40,681 - ERROR - Captcha element not found for Yasin Omar on None (https://www.factortrust.com/consumer/optout.aspx)
2024-08-12 16:48:40,692 - ERROR - Error occurred while submitting form for Yasin Omar on None: Message: no such element: Unable to locate element: {"method":"css selector","selector":"[name="submit"]"}
  (Session info: chrome=127.0.6533.100); For documentation on this error, please visit: https://www.selenium.dev/documentation/webdriver/troubleshooting/errors#no-such-element-exception
Stacktrace:
0   undetected_chromedriver             0x000000010f79d848 undetected_chromedriver + 5179464
1   undetected_chromedriver             0x000000010f79527a undetected_chromedriver + 5145210
2   undetected_chromedriver             0x000000010f30c2b0 undetected_chromedriver + 389808
3   undetected_chromedriver             0x000000010f3583e1 undetected_chromedriver + 701409
4   undetected_chromedriver             0x000000010f358691 undetected_chromedriver + 702097
5   undetected_chromedriver             0x000000010f39a464 undetected_chromedriver + 971876
6   undetected_chromedriver             0x000000010f37a7dd undetected_chromedriver + 841693
7   undetected_chromedriver             0x000000010f397b9b undetected_chromedriver + 961435
8   undetected_chromedriver             0x000000010f37a553 undetected_chromedriver + 841043
9   undetected_chromedriver             0x000000010f34b7f6 undetected_chromedriver + 649206
10  undetected_chromedriver             0x000000010f34c05e undetected_chromedriver + 651358
11  undetected_chromedriver             0x000000010f760ab0 undetected_chromedriver + 4930224
12  undetected_chromedriver             0x000000010f7659c6 undetected_chromedriver + 4950470
13  undetected_chromedriver             0x000000010f766095 undetected_chromedriver + 4952213
14  undetected_chromedriver             0x000000010f742e79 undetected_chromedriver + 4808313
15  undetected_chromedriver             0x000000010f766389 undetected_chromedriver + 4952969
16  undetected_chromedriver             0x000000010f7347d4 undetected_chromedriver + 4749268
17  undetected_chromedriver             0x000000010f785558 undetected_chromedriver + 5080408
18  undetected_chromedriver             0x000000010f785717 undetected_chromedriver + 5080855
19  undetected_chromedriver             0x000000010f794e5e undetected_chromedriver + 5144158
20  libsystem_pthread.dylib             0x00007ff81b10a4e1 _pthread_start + 125
21  libsystem_pthread.dylib             0x00007ff81b105f6b thread_start + 15

2024-08-12 16:48:41,356 - ERROR - Captcha element not found for Yasin Omar on None (https://www.factortrust.com/consumer/optout.aspx)
2024-08-12 16:48:41,375 - ERROR - Error occurred while submitting form for Yasin Omar on None: Message: no such element: Unable to locate element: {"method":"css selector","selector":"[name="submit"]"}
  (Session info: chrome=127.0.6533.100); For documentation on this error, please visit: https://www.selenium.dev/documentation/webdriver/troubleshooting/errors#no-such-element-exception
Stacktrace:
0   undetected_chromedriver             0x000000010f79d848 undetected_chromedriver + 5179464
1   undetected_chromedriver             0x000000010f79527a undetected_chromedriver + 5145210
2   undetected_chromedriver             0x000000010f30c2b0 undetected_chromedriver + 389808
3   undetected_chromedriver             0x000000010f3583e1 undetected_chromedriver + 701409
4   undetected_chromedriver             0x000000010f358691 undetected_chromedriver + 702097
5   undetected_chromedriver             0x000000010f39a464 undetected_chromedriver + 971876
6   undetected_chromedriver             0x000000010f37a7dd undetected_chromedriver + 841693
7   undetected_chromedriver             0x000000010f397b9b undetected_chromedriver + 961435
8   undetected_chromedriver             0x000000010f37a553 undetected_chromedriver + 841043
9   undetected_chromedriver             0x000000010f34b7f6 undetected_chromedriver + 649206
10  undetected_chromedriver             0x000000010f34c05e undetected_chromedriver + 651358
11  undetected_chromedriver             0x000000010f760ab0 undetected_chromedriver + 4930224
12  undetected_chromedriver             0x000000010f7659c6 undetected_chromedriver + 4950470
13  undetected_chromedriver             0x000000010f766095 undetected_chromedriver + 4952213
14  undetected_chromedriver             0x000000010f742e79 undetected_chromedriver + 4808313
15  undetected_chromedriver             0x000000010f766389 undetected_chromedriver + 4952969
16  undetected_chromedriver             0x000000010f7347d4 undetected_chromedriver + 4749268
17  undetected_chromedriver             0x000000010f785558 undetected_chromedriver + 5080408
18  undetected_chromedriver             0x000000010f785717 undetected_chromedriver + 5080855
19  undetected_chromedriver             0x000000010f794e5e undetected_chromedriver + 5144158
20  libsystem_pthread.dylib             0x00007ff81b10a4e1 _pthread_start + 125
21  libsystem_pthread.dylib             0x00007ff81b105f6b thread_start + 15

2024-08-12 16:48:42,733 - ERROR - Captcha element not found for Emmanuel Akinnitire on None (https://www.factortrust.com/consumer/optout.aspx)
2024-08-12 16:48:42,745 - ERROR - Error occurred while submitting form for Emmanuel Akinnitire on None: Message: no such element: Unable to locate element: {"method":"css selector","selector":"[name="submit"]"}
  (Session info: chrome=127.0.6533.100); For documentation on this error, please visit: https://www.selenium.dev/documentation/webdriver/troubleshooting/errors#no-such-element-exception
Stacktrace:
0   undetected_chromedriver             0x0000000104703848 undetected_chromedriver + 5179464
1   undetected_chromedriver             0x00000001046fb27a undetected_chromedriver + 5145210
2   undetected_chromedriver             0x00000001042722b0 undetected_chromedriver + 389808
3   undetected_chromedriver             0x00000001042be3e1 undetected_chromedriver + 701409
4   undetected_chromedriver             0x00000001042be691 undetected_chromedriver + 702097
5   undetected_chromedriver             0x0000000104300464 undetected_chromedriver + 971876
6   undetected_chromedriver             0x00000001042e07dd undetected_chromedriver + 841693
7   undetected_chromedriver             0x00000001042fdb9b undetected_chromedriver + 961435
8   undetected_chromedriver             0x00000001042e0553 undetected_chromedriver + 841043
9   undetected_chromedriver             0x00000001042b17f6 undetected_chromedriver + 649206
10  undetected_chromedriver             0x00000001042b205e undetected_chromedriver + 651358
11  undetected_chromedriver             0x00000001046c6ab0 undetected_chromedriver + 4930224
12  undetected_chromedriver             0x00000001046cb9c6 undetected_chromedriver + 4950470
13  undetected_chromedriver             0x00000001046cc095 undetected_chromedriver + 4952213
14  undetected_chromedriver             0x00000001046a8e79 undetected_chromedriver + 4808313
15  undetected_chromedriver             0x00000001046cc389 undetected_chromedriver + 4952969
16  undetected_chromedriver             0x000000010469a7d4 undetected_chromedriver + 4749268
17  undetected_chromedriver             0x00000001046eb558 undetected_chromedriver + 5080408
18  undetected_chromedriver             0x00000001046eb717 undetected_chromedriver + 5080855
19  undetected_chromedriver             0x00000001046fae5e undetected_chromedriver + 5144158
20  libsystem_pthread.dylib             0x00007ff81b10a4e1 _pthread_start + 125
21  libsystem_pthread.dylib             0x00007ff81b105f6b thread_start + 15

2024-08-12 16:48:43,334 - ERROR - Captcha element not found for Emmanuel Akinnitire on None (https://www.factortrust.com/consumer/optout.aspx)
2024-08-12 16:48:43,351 - ERROR - Error occurred while submitting form for Emmanuel Akinnitire on None: Message: no such element: Unable to locate element: {"method":"css selector","selector":"[name="submit"]"}
  (Session info: chrome=127.0.6533.100); For documentation on this error, please visit: https://www.selenium.dev/documentation/webdriver/troubleshooting/errors#no-such-element-exception
Stacktrace:
0   undetected_chromedriver             0x0000000104703848 undetected_chromedriver + 5179464
1   undetected_chromedriver             0x00000001046fb27a undetected_chromedriver + 5145210
2   undetected_chromedriver             0x00000001042722b0 undetected_chromedriver + 389808
3   undetected_chromedriver             0x00000001042be3e1 undetected_chromedriver + 701409
4   undetected_chromedriver             0x00000001042be691 undetected_chromedriver + 702097
5   undetected_chromedriver             0x0000000104300464 undetected_chromedriver + 971876
6   undetected_chromedriver             0x00000001042e07dd undetected_chromedriver + 841693
7   undetected_chromedriver             0x00000001042fdb9b undetected_chromedriver + 961435
8   undetected_chromedriver             0x00000001042e0553 undetected_chromedriver + 841043
9   undetected_chromedriver             0x00000001042b17f6 undetected_chromedriver + 649206
10  undetected_chromedriver             0x00000001042b205e undetected_chromedriver + 651358
11  undetected_chromedriver             0x00000001046c6ab0 undetected_chromedriver + 4930224
12  undetected_chromedriver             0x00000001046cb9c6 undetected_chromedriver + 4950470
13  undetected_chromedriver             0x00000001046cc095 undetected_chromedriver + 4952213
14  undetected_chromedriver             0x00000001046a8e79 undetected_chromedriver + 4808313
15  undetected_chromedriver             0x00000001046cc389 undetected_chromedriver + 4952969
16  undetected_chromedriver             0x000000010469a7d4 undetected_chromedriver + 4749268
17  undetected_chromedriver             0x00000001046eb558 undetected_chromedriver + 5080408
18  undetected_chromedriver             0x00000001046eb717 undetected_chromedriver + 5080855
19  undetected_chromedriver             0x00000001046fae5e undetected_chromedriver + 5144158
20  libsystem_pthread.dylib             0x00007ff81b10a4e1 _pthread_start + 125
21  libsystem_pthread.dylib             0x00007ff81b105f6b thread_start + 15

2024-08-12 16:48:43,953 - ERROR - Captcha element not found for Emmanuel Akinnitire on None (https://www.factortrust.com/consumer/optout.aspx)
2024-08-12 16:48:43,971 - ERROR - Error occurred while submitting form for Emmanuel Akinnitire on None: Message: no such element: Unable to locate element: {"method":"css selector","selector":"[name="submit"]"}
  (Session info: chrome=127.0.6533.100); For documentation on this error, please visit: https://www.selenium.dev/documentation/webdriver/troubleshooting/errors#no-such-element-exception
Stacktrace:
0   undetected_chromedriver             0x0000000104703848 undetected_chromedriver + 5179464
1   undetected_chromedriver             0x00000001046fb27a undetected_chromedriver + 5145210
2   undetected_chromedriver             0x00000001042722b0 undetected_chromedriver + 389808
3   undetected_chromedriver             0x00000001042be3e1 undetected_chromedriver + 701409
4   undetected_chromedriver             0x00000001042be691 undetected_chromedriver + 702097
5   undetected_chromedriver             0x0000000104300464 undetected_chromedriver + 971876
6   undetected_chromedriver             0x00000001042e07dd undetected_chromedriver + 841693
7   undetected_chromedriver             0x00000001042fdb9b undetected_chromedriver + 961435
8   undetected_chromedriver             0x00000001042e0553 undetected_chromedriver + 841043
9   undetected_chromedriver             0x00000001042b17f6 undetected_chromedriver + 649206
10  undetected_chromedriver             0x00000001042b205e undetected_chromedriver + 651358
11  undetected_chromedriver             0x00000001046c6ab0 undetected_chromedriver + 4930224
12  undetected_chromedriver             0x00000001046cb9c6 undetected_chromedriver + 4950470
13  undetected_chromedriver             0x00000001046cc095 undetected_chromedriver + 4952213
14  undetected_chromedriver             0x00000001046a8e79 undetected_chromedriver + 4808313
15  undetected_chromedriver             0x00000001046cc389 undetected_chromedriver + 4952969
16  undetected_chromedriver             0x000000010469a7d4 undetected_chromedriver + 4749268
17  undetected_chromedriver             0x00000001046eb558 undetected_chromedriver + 5080408
18  undetected_chromedriver             0x00000001046eb717 undetected_chromedriver + 5080855
19  undetected_chromedriver             0x00000001046fae5e undetected_chromedriver + 5144158
20  libsystem_pthread.dylib             0x00007ff81b10a4e1 _pthread_start + 125
21  libsystem_pthread.dylib             0x00007ff81b105f6b thread_start + 15

2024-08-12 16:48:44,197 - INFO - patching driver executable /Users/eleven23/Library/Application Support/undetected_chromedriver/undetected_chromedriver
2024-08-12 16:48:46,550 - ERROR - Captcha element not found for Daniel Rollerson on None (https://www.factortrust.com/consumer/optout.aspx)
2024-08-12 16:48:46,579 - ERROR - Error occurred while submitting form for Daniel Rollerson on None: Message: no such element: Unable to locate element: {"method":"css selector","selector":"[name="submit"]"}
  (Session info: chrome=127.0.6533.100); For documentation on this error, please visit: https://www.selenium.dev/documentation/webdriver/troubleshooting/errors#no-such-element-exception
Stacktrace:
0   undetected_chromedriver             0x0000000103b50848 undetected_chromedriver + 5179464
1   undetected_chromedriver             0x0000000103b4827a undetected_chromedriver + 5145210
2   undetected_chromedriver             0x00000001036bf2b0 undetected_chromedriver + 389808
3   undetected_chromedriver             0x000000010370b3e1 undetected_chromedriver + 701409
4   undetected_chromedriver             0x000000010370b691 undetected_chromedriver + 702097
5   undetected_chromedriver             0x000000010374d464 undetected_chromedriver + 971876
6   undetected_chromedriver             0x000000010372d7dd undetected_chromedriver + 841693
7   undetected_chromedriver             0x000000010374ab9b undetected_chromedriver + 961435
8   undetected_chromedriver             0x000000010372d553 undetected_chromedriver + 841043
9   undetected_chromedriver             0x00000001036fe7f6 undetected_chromedriver + 649206
10  undetected_chromedriver             0x00000001036ff05e undetected_chromedriver + 651358
11  undetected_chromedriver             0x0000000103b13ab0 undetected_chromedriver + 4930224
12  undetected_chromedriver             0x0000000103b189c6 undetected_chromedriver + 4950470
13  undetected_chromedriver             0x0000000103b19095 undetected_chromedriver + 4952213
14  undetected_chromedriver             0x0000000103af5e79 undetected_chromedriver + 4808313
15  undetected_chromedriver             0x0000000103b19389 undetected_chromedriver + 4952969
16  undetected_chromedriver             0x0000000103ae77d4 undetected_chromedriver + 4749268
17  undetected_chromedriver             0x0000000103b38558 undetected_chromedriver + 5080408
18  undetected_chromedriver             0x0000000103b38717 undetected_chromedriver + 5080855
19  undetected_chromedriver             0x0000000103b47e5e undetected_chromedriver + 5144158
20  libsystem_pthread.dylib             0x00007ff81b10a4e1 _pthread_start + 125
21  libsystem_pthread.dylib             0x00007ff81b105f6b thread_start + 15

2024-08-12 16:48:47,192 - ERROR - Captcha element not found for Daniel Rollerson on None (https://www.factortrust.com/consumer/optout.aspx)
2024-08-12 16:48:47,198 - ERROR - Error occurred while submitting form for Daniel Rollerson on None: Message: no such element: Unable to locate element: {"method":"css selector","selector":"[name="submit"]"}
  (Session info: chrome=127.0.6533.100); For documentation on this error, please visit: https://www.selenium.dev/documentation/webdriver/troubleshooting/errors#no-such-element-exception
Stacktrace:
0   undetected_chromedriver             0x0000000103b50848 undetected_chromedriver + 5179464
1   undetected_chromedriver             0x0000000103b4827a undetected_chromedriver + 5145210
2   undetected_chromedriver             0x00000001036bf2b0 undetected_chromedriver + 389808
3   undetected_chromedriver             0x000000010370b3e1 undetected_chromedriver + 701409
4   undetected_chromedriver             0x000000010370b691 undetected_chromedriver + 702097
5   undetected_chromedriver             0x000000010374d464 undetected_chromedriver + 971876
6   undetected_chromedriver             0x000000010372d7dd undetected_chromedriver + 841693
7   undetected_chromedriver             0x000000010374ab9b undetected_chromedriver + 961435
8   undetected_chromedriver             0x000000010372d553 undetected_chromedriver + 841043
9   undetected_chromedriver             0x00000001036fe7f6 undetected_chromedriver + 649206
10  undetected_chromedriver             0x00000001036ff05e undetected_chromedriver + 651358
11  undetected_chromedriver             0x0000000103b13ab0 undetected_chromedriver + 4930224
12  undetected_chromedriver             0x0000000103b189c6 undetected_chromedriver + 4950470
13  undetected_chromedriver             0x0000000103b19095 undetected_chromedriver + 4952213
14  undetected_chromedriver             0x0000000103af5e79 undetected_chromedriver + 4808313
15  undetected_chromedriver             0x0000000103b19389 undetected_chromedriver + 4952969
16  undetected_chromedriver             0x0000000103ae77d4 undetected_chromedriver + 4749268
17  undetected_chromedriver             0x0000000103b38558 undetected_chromedriver + 5080408
18  undetected_chromedriver             0x0000000103b38717 undetected_chromedriver + 5080855
19  undetected_chromedriver             0x0000000103b47e5e undetected_chromedriver + 5144158
20  libsystem_pthread.dylib             0x00007ff81b10a4e1 _pthread_start + 125
21  libsystem_pthread.dylib             0x00007ff81b105f6b thread_start + 15

2024-08-12 16:48:47,755 - ERROR - Captcha element not found for Daniel Rollerson on None (https://www.factortrust.com/consumer/optout.aspx)
2024-08-12 16:48:47,761 - ERROR - Error occurred while submitting form for Daniel Rollerson on None: Message: no such element: Unable to locate element: {"method":"css selector","selector":"[name="submit"]"}
  (Session info: chrome=127.0.6533.100); For documentation on this error, please visit: https://www.selenium.dev/documentation/webdriver/troubleshooting/errors#no-such-element-exception
Stacktrace:
0   undetected_chromedriver             0x0000000103b50848 undetected_chromedriver + 5179464
1   undetected_chromedriver             0x0000000103b4827a undetected_chromedriver + 5145210
2   undetected_chromedriver             0x00000001036bf2b0 undetected_chromedriver + 389808
3   undetected_chromedriver             0x000000010370b3e1 undetected_chromedriver + 701409
4   undetected_chromedriver             0x000000010370b691 undetected_chromedriver + 702097
5   undetected_chromedriver             0x000000010374d464 undetected_chromedriver + 971876
6   undetected_chromedriver             0x000000010372d7dd undetected_chromedriver + 841693
7   undetected_chromedriver             0x000000010374ab9b undetected_chromedriver + 961435
8   undetected_chromedriver             0x000000010372d553 undetected_chromedriver + 841043
9   undetected_chromedriver             0x00000001036fe7f6 undetected_chromedriver + 649206
10  undetected_chromedriver             0x00000001036ff05e undetected_chromedriver + 651358
11  undetected_chromedriver             0x0000000103b13ab0 undetected_chromedriver + 4930224
12  undetected_chromedriver             0x0000000103b189c6 undetected_chromedriver + 4950470
13  undetected_chromedriver             0x0000000103b19095 undetected_chromedriver + 4952213
14  undetected_chromedriver             0x0000000103af5e79 undetected_chromedriver + 4808313
15  undetected_chromedriver             0x0000000103b19389 undetected_chromedriver + 4952969
16  undetected_chromedriver             0x0000000103ae77d4 undetected_chromedriver + 4749268
17  undetected_chromedriver             0x0000000103b38558 undetected_chromedriver + 5080408
18  undetected_chromedriver             0x0000000103b38717 undetected_chromedriver + 5080855
19  undetected_chromedriver             0x0000000103b47e5e undetected_chromedriver + 5144158
20  libsystem_pthread.dylib             0x00007ff81b10a4e1 _pthread_start + 125
21  libsystem_pthread.dylib             0x00007ff81b105f6b thread_start + 15

2024-08-12 16:48:47,892 - INFO - patching driver executable /Users/eleven23/Library/Application Support/undetected_chromedriver/undetected_chromedriver
2024-08-12 16:48:50,842 - ERROR - Captcha element not found for David Rose on None (https://www.factortrust.com/consumer/optout.aspx)
2024-08-12 16:48:50,859 - ERROR - Error occurred while submitting form for David Rose on None: Message: no such element: Unable to locate element: {"method":"css selector","selector":"[name="submit"]"}
  (Session info: chrome=127.0.6533.100); For documentation on this error, please visit: https://www.selenium.dev/documentation/webdriver/troubleshooting/errors#no-such-element-exception
Stacktrace:
0   undetected_chromedriver             0x0000000101e6c848 undetected_chromedriver + 5179464
1   undetected_chromedriver             0x0000000101e6427a undetected_chromedriver + 5145210
2   undetected_chromedriver             0x00000001019db2b0 undetected_chromedriver + 389808
3   undetected_chromedriver             0x0000000101a273e1 undetected_chromedriver + 701409
4   undetected_chromedriver             0x0000000101a27691 undetected_chromedriver + 702097
5   undetected_chromedriver             0x0000000101a69464 undetected_chromedriver + 971876
6   undetected_chromedriver             0x0000000101a497dd undetected_chromedriver + 841693
7   undetected_chromedriver             0x0000000101a66b9b undetected_chromedriver + 961435
8   undetected_chromedriver             0x0000000101a49553 undetected_chromedriver + 841043
9   undetected_chromedriver             0x0000000101a1a7f6 undetected_chromedriver + 649206
10  undetected_chromedriver             0x0000000101a1b05e undetected_chromedriver + 651358
11  undetected_chromedriver             0x0000000101e2fab0 undetected_chromedriver + 4930224
12  undetected_chromedriver             0x0000000101e349c6 undetected_chromedriver + 4950470
13  undetected_chromedriver             0x0000000101e35095 undetected_chromedriver + 4952213
14  undetected_chromedriver             0x0000000101e11e79 undetected_chromedriver + 4808313
15  undetected_chromedriver             0x0000000101e35389 undetected_chromedriver + 4952969
16  undetected_chromedriver             0x0000000101e037d4 undetected_chromedriver + 4749268
17  undetected_chromedriver             0x0000000101e54558 undetected_chromedriver + 5080408
18  undetected_chromedriver             0x0000000101e54717 undetected_chromedriver + 5080855
19  undetected_chromedriver             0x0000000101e63e5e undetected_chromedriver + 5144158
20  libsystem_pthread.dylib             0x00007ff81b10a4e1 _pthread_start + 125
21  libsystem_pthread.dylib             0x00007ff81b105f6b thread_start + 15

2024-08-12 16:48:51,519 - ERROR - Captcha element not found for David Rose on None (https://www.factortrust.com/consumer/optout.aspx)
2024-08-12 16:48:51,561 - ERROR - Error occurred while submitting form for David Rose on None: Message: no such element: Unable to locate element: {"method":"css selector","selector":"[name="submit"]"}
  (Session info: chrome=127.0.6533.100); For documentation on this error, please visit: https://www.selenium.dev/documentation/webdriver/troubleshooting/errors#no-such-element-exception
Stacktrace:
0   undetected_chromedriver             0x0000000101e6c848 undetected_chromedriver + 5179464
1   undetected_chromedriver             0x0000000101e6427a undetected_chromedriver + 5145210
2   undetected_chromedriver             0x00000001019db2b0 undetected_chromedriver + 389808
3   undetected_chromedriver             0x0000000101a273e1 undetected_chromedriver + 701409
4   undetected_chromedriver             0x0000000101a27691 undetected_chromedriver + 702097
5   undetected_chromedriver             0x0000000101a69464 undetected_chromedriver + 971876
6   undetected_chromedriver             0x0000000101a497dd undetected_chromedriver + 841693
7   undetected_chromedriver             0x0000000101a66b9b undetected_chromedriver + 961435
8   undetected_chromedriver             0x0000000101a49553 undetected_chromedriver + 841043
9   undetected_chromedriver             0x0000000101a1a7f6 undetected_chromedriver + 649206
10  undetected_chromedriver             0x0000000101a1b05e undetected_chromedriver + 651358
11  undetected_chromedriver             0x0000000101e2fab0 undetected_chromedriver + 4930224
12  undetected_chromedriver             0x0000000101e349c6 undetected_chromedriver + 4950470
13  undetected_chromedriver             0x0000000101e35095 undetected_chromedriver + 4952213
14  undetected_chromedriver             0x0000000101e11e79 undetected_chromedriver + 4808313
15  undetected_chromedriver             0x0000000101e35389 undetected_chromedriver + 4952969
16  undetected_chromedriver             0x0000000101e037d4 undetected_chromedriver + 4749268
17  undetected_chromedriver             0x0000000101e54558 undetected_chromedriver + 5080408
18  undetected_chromedriver             0x0000000101e54717 undetected_chromedriver + 5080855
19  undetected_chromedriver             0x0000000101e63e5e undetected_chromedriver + 5144158
20  libsystem_pthread.dylib             0x00007ff81b10a4e1 _pthread_start + 125
21  libsystem_pthread.dylib             0x00007ff81b105f6b thread_start + 15

2024-08-12 16:48:52,503 - ERROR - Captcha element not found for David Rose on None (https://www.factortrust.com/consumer/optout.aspx)
2024-08-12 16:48:52,513 - ERROR - Error occurred while submitting form for David Rose on None: Message: no such element: Unable to locate element: {"method":"css selector","selector":"[name="submit"]"}
  (Session info: chrome=127.0.6533.100); For documentation on this error, please visit: https://www.selenium.dev/documentation/webdriver/troubleshooting/errors#no-such-element-exception
Stacktrace:
0   undetected_chromedriver             0x0000000101e6c848 undetected_chromedriver + 5179464
1   undetected_chromedriver             0x0000000101e6427a undetected_chromedriver + 5145210
2   undetected_chromedriver             0x00000001019db2b0 undetected_chromedriver + 389808
3   undetected_chromedriver             0x0000000101a273e1 undetected_chromedriver + 701409
4   undetected_chromedriver             0x0000000101a27691 undetected_chromedriver + 702097
5   undetected_chromedriver             0x0000000101a69464 undetected_chromedriver + 971876
6   undetected_chromedriver             0x0000000101a497dd undetected_chromedriver + 841693
7   undetected_chromedriver             0x0000000101a66b9b undetected_chromedriver + 961435
8   undetected_chromedriver             0x0000000101a49553 undetected_chromedriver + 841043
9   undetected_chromedriver             0x0000000101a1a7f6 undetected_chromedriver + 649206
10  undetected_chromedriver             0x0000000101a1b05e undetected_chromedriver + 651358
11  undetected_chromedriver             0x0000000101e2fab0 undetected_chromedriver + 4930224
12  undetected_chromedriver             0x0000000101e349c6 undetected_chromedriver + 4950470
13  undetected_chromedriver             0x0000000101e35095 undetected_chromedriver + 4952213
14  undetected_chromedriver             0x0000000101e11e79 undetected_chromedriver + 4808313
15  undetected_chromedriver             0x0000000101e35389 undetected_chromedriver + 4952969
16  undetected_chromedriver             0x0000000101e037d4 undetected_chromedriver + 4749268
17  undetected_chromedriver             0x0000000101e54558 undetected_chromedriver + 5080408
18  undetected_chromedriver             0x0000000101e54717 undetected_chromedriver + 5080855
19  undetected_chromedriver             0x0000000101e63e5e undetected_chromedriver + 5144158
20  libsystem_pthread.dylib             0x00007ff81b10a4e1 _pthread_start + 125
21  libsystem_pthread.dylib             0x00007ff81b105f6b thread_start + 15

2024-08-12 16:49:05,891 - INFO - patching driver executable /Users/eleven23/Library/Application Support/undetected_chromedriver/undetected_chromedriver
2024-08-12 16:49:07,374 - ERROR - Error occurred while submitting form for Christopher Bishop on None: ('Connection aborted.', RemoteDisconnected('Remote end closed connection without response'))
2024-08-12 16:49:07,391 - WARNING - Retrying (Retry(total=2, connect=None, read=None, redirect=None, status=None)) after connection broken by 'NewConnectionError('<urllib3.connection.HTTPConnection object at 0x12cb2f8c0>: Failed to establish a new connection: [Errno 61] Connection refused')': /session/3d235e08ef41ffd09a054b67e20e2544/execute/sync
2024-08-12 16:49:07,412 - WARNING - Retrying (Retry(total=1, connect=None, read=None, redirect=None, status=None)) after connection broken by 'NewConnectionError('<urllib3.connection.HTTPConnection object at 0x12cb2f530>: Failed to establish a new connection: [Errno 61] Connection refused')': /session/3d235e08ef41ffd09a054b67e20e2544/execute/sync
2024-08-12 16:49:07,460 - WARNING - Retrying (Retry(total=0, connect=None, read=None, redirect=None, status=None)) after connection broken by 'NewConnectionError('<urllib3.connection.HTTPConnection object at 0x12cb2f1d0>: Failed to establish a new connection: [Errno 61] Connection refused')': /session/3d235e08ef41ffd09a054b67e20e2544/execute/sync
2024-08-12 16:49:07,513 - ERROR - Error occurred while submitting form for Christopher Bishop on None: HTTPConnectionPool(host='localhost', port=60375): Max retries exceeded with url: /session/3d235e08ef41ffd09a054b67e20e2544/execute/sync (Caused by NewConnectionError('<urllib3.connection.HTTPConnection object at 0x12cb2e1e0>: Failed to establish a new connection: [Errno 61] Connection refused'))
2024-08-12 16:49:07,558 - WARNING - Retrying (Retry(total=2, connect=None, read=None, redirect=None, status=None)) after connection broken by 'NewConnectionError('<urllib3.connection.HTTPConnection object at 0x12cb2f200>: Failed to establish a new connection: [Errno 61] Connection refused')': /session/3d235e08ef41ffd09a054b67e20e2544/execute/sync
2024-08-12 16:49:07,578 - WARNING - Retrying (Retry(total=1, connect=None, read=None, redirect=None, status=None)) after connection broken by 'NewConnectionError('<urllib3.connection.HTTPConnection object at 0x12cb14140>: Failed to establish a new connection: [Errno 61] Connection refused')': /session/3d235e08ef41ffd09a054b67e20e2544/execute/sync
2024-08-12 16:49:07,634 - WARNING - Retrying (Retry(total=0, connect=None, read=None, redirect=None, status=None)) after connection broken by 'NewConnectionError('<urllib3.connection.HTTPConnection object at 0x12cb2fad0>: Failed to establish a new connection: [Errno 61] Connection refused')': /session/3d235e08ef41ffd09a054b67e20e2544/execute/sync
2024-08-12 16:49:07,729 - ERROR - Error occurred while submitting form for Christopher Bishop on None: HTTPConnectionPool(host='localhost', port=60375): Max retries exceeded with url: /session/3d235e08ef41ffd09a054b67e20e2544/execute/sync (Caused by NewConnectionError('<urllib3.connection.HTTPConnection object at 0x12cb2d9d0>: Failed to establish a new connection: [Errno 61] Connection refused'))
2024-08-12 16:49:07,868 - WARNING - Retrying (Retry(total=2, connect=None, read=None, redirect=None, status=None)) after connection broken by 'NewConnectionError('<urllib3.connection.HTTPConnection object at 0x12cb2f440>: Failed to establish a new connection: [Errno 61] Connection refused')': /session/3d235e08ef41ffd09a054b67e20e2544/screenshot
2024-08-12 16:49:08,084 - WARNING - Retrying (Retry(total=1, connect=None, read=None, redirect=None, status=None)) after connection broken by 'NewConnectionError('<urllib3.connection.HTTPConnection object at 0x12cb2f8c0>: Failed to establish a new connection: [Errno 61] Connection refused')': /session/3d235e08ef41ffd09a054b67e20e2544/screenshot
2024-08-12 16:49:08,106 - WARNING - Retrying (Retry(total=0, connect=None, read=None, redirect=None, status=None)) after connection broken by 'NewConnectionError('<urllib3.connection.HTTPConnection object at 0x12cb2faa0>: Failed to establish a new connection: [Errno 61] Connection refused')': /session/3d235e08ef41ffd09a054b67e20e2544/screenshot
2024-08-12 16:49:09,544 - INFO - patching driver executable /Users/eleven23/Library/Application Support/undetected_chromedriver/undetected_chromedriver
2024-08-12 17:37:34,684 - ERROR - An unexpected error occurred: 'category'
2024-08-12 17:38:47,618 - ERROR - An unexpected error occurred: 'category'
2024-08-12 17:44:06,236 - INFO - patching driver executable /Users/eleven23/Library/Application Support/undetected_chromedriver/undetected_chromedriver
2024-08-12 17:44:09,264 - INFO - patching driver executable /Users/eleven23/Library/Application Support/undetected_chromedriver/undetected_chromedriver
2024-08-12 17:44:12,536 - INFO - patching driver executable /Users/eleven23/Library/Application Support/undetected_chromedriver/undetected_chromedriver
2024-08-12 17:44:16,272 - INFO - patching driver executable /Users/eleven23/Library/Application Support/undetected_chromedriver/undetected_chromedriver
2024-08-12 17:44:24,771 - ERROR - Error in first step for None None on None: Message: 
Stacktrace:
0   undetected_chromedriver             0x0000000100db3848 undetected_chromedriver + 5179464
1   undetected_chromedriver             0x0000000100dab27a undetected_chromedriver + 5145210
2   undetected_chromedriver             0x00000001009222b0 undetected_chromedriver + 389808
3   undetected_chromedriver             0x000000010096e3e1 undetected_chromedriver + 701409
4   undetected_chromedriver             0x000000010096e691 undetected_chromedriver + 702097
5   undetected_chromedriver             0x00000001009b0464 undetected_chromedriver + 971876
6   undetected_chromedriver             0x00000001009907dd undetected_chromedriver + 841693
7   undetected_chromedriver             0x00000001009adb9b undetected_chromedriver + 961435
8   undetected_chromedriver             0x0000000100990553 undetected_chromedriver + 841043
9   undetected_chromedriver             0x00000001009617f6 undetected_chromedriver + 649206
10  undetected_chromedriver             0x000000010096205e undetected_chromedriver + 651358
11  undetected_chromedriver             0x0000000100d76ab0 undetected_chromedriver + 4930224
12  undetected_chromedriver             0x0000000100d7b9c6 undetected_chromedriver + 4950470
13  undetected_chromedriver             0x0000000100d7c095 undetected_chromedriver + 4952213
14  undetected_chromedriver             0x0000000100d58e79 undetected_chromedriver + 4808313
15  undetected_chromedriver             0x0000000100d7c389 undetected_chromedriver + 4952969
16  undetected_chromedriver             0x0000000100d4a7d4 undetected_chromedriver + 4749268
17  undetected_chromedriver             0x0000000100d9b558 undetected_chromedriver + 5080408
18  undetected_chromedriver             0x0000000100d9b717 undetected_chromedriver + 5080855
19  undetected_chromedriver             0x0000000100daae5e undetected_chromedriver + 5144158
20  libsystem_pthread.dylib             0x00007ff81b10a4e1 _pthread_start + 125
21  libsystem_pthread.dylib             0x00007ff81b105f6b thread_start + 15

2024-08-12 17:44:24,826 - ERROR - Error occurred while submitting form for None None on None: Message: 
Stacktrace:
0   undetected_chromedriver             0x0000000100db3848 undetected_chromedriver + 5179464
1   undetected_chromedriver             0x0000000100dab27a undetected_chromedriver + 5145210
2   undetected_chromedriver             0x00000001009222b0 undetected_chromedriver + 389808
3   undetected_chromedriver             0x000000010096e3e1 undetected_chromedriver + 701409
4   undetected_chromedriver             0x000000010096e691 undetected_chromedriver + 702097
5   undetected_chromedriver             0x00000001009b0464 undetected_chromedriver + 971876
6   undetected_chromedriver             0x00000001009907dd undetected_chromedriver + 841693
7   undetected_chromedriver             0x00000001009adb9b undetected_chromedriver + 961435
8   undetected_chromedriver             0x0000000100990553 undetected_chromedriver + 841043
9   undetected_chromedriver             0x00000001009617f6 undetected_chromedriver + 649206
10  undetected_chromedriver             0x000000010096205e undetected_chromedriver + 651358
11  undetected_chromedriver             0x0000000100d76ab0 undetected_chromedriver + 4930224
12  undetected_chromedriver             0x0000000100d7b9c6 undetected_chromedriver + 4950470
13  undetected_chromedriver             0x0000000100d7c095 undetected_chromedriver + 4952213
14  undetected_chromedriver             0x0000000100d58e79 undetected_chromedriver + 4808313
15  undetected_chromedriver             0x0000000100d7c389 undetected_chromedriver + 4952969
16  undetected_chromedriver             0x0000000100d4a7d4 undetected_chromedriver + 4749268
17  undetected_chromedriver             0x0000000100d9b558 undetected_chromedriver + 5080408
18  undetected_chromedriver             0x0000000100d9b717 undetected_chromedriver + 5080855
19  undetected_chromedriver             0x0000000100daae5e undetected_chromedriver + 5144158
20  libsystem_pthread.dylib             0x00007ff81b10a4e1 _pthread_start + 125
21  libsystem_pthread.dylib             0x00007ff81b105f6b thread_start + 15

2024-08-12 17:44:26,760 - ERROR - Error in first step for None None on None: Message: 
Stacktrace:
0   undetected_chromedriver             0x0000000102831848 undetected_chromedriver + 5179464
1   undetected_chromedriver             0x000000010282927a undetected_chromedriver + 5145210
2   undetected_chromedriver             0x00000001023a02b0 undetected_chromedriver + 389808
3   undetected_chromedriver             0x00000001023ec3e1 undetected_chromedriver + 701409
4   undetected_chromedriver             0x00000001023ec691 undetected_chromedriver + 702097
5   undetected_chromedriver             0x000000010242e464 undetected_chromedriver + 971876
6   undetected_chromedriver             0x000000010240e7dd undetected_chromedriver + 841693
7   undetected_chromedriver             0x000000010242bb9b undetected_chromedriver + 961435
8   undetected_chromedriver             0x000000010240e553 undetected_chromedriver + 841043
9   undetected_chromedriver             0x00000001023df7f6 undetected_chromedriver + 649206
10  undetected_chromedriver             0x00000001023e005e undetected_chromedriver + 651358
11  undetected_chromedriver             0x00000001027f4ab0 undetected_chromedriver + 4930224
12  undetected_chromedriver             0x00000001027f99c6 undetected_chromedriver + 4950470
13  undetected_chromedriver             0x00000001027fa095 undetected_chromedriver + 4952213
14  undetected_chromedriver             0x00000001027d6e79 undetected_chromedriver + 4808313
15  undetected_chromedriver             0x00000001027fa389 undetected_chromedriver + 4952969
16  undetected_chromedriver             0x00000001027c87d4 undetected_chromedriver + 4749268
17  undetected_chromedriver             0x0000000102819558 undetected_chromedriver + 5080408
18  undetected_chromedriver             0x0000000102819717 undetected_chromedriver + 5080855
19  undetected_chromedriver             0x0000000102828e5e undetected_chromedriver + 5144158
20  libsystem_pthread.dylib             0x00007ff81b10a4e1 _pthread_start + 125
21  libsystem_pthread.dylib             0x00007ff81b105f6b thread_start + 15

2024-08-12 17:44:26,774 - ERROR - Error occurred while submitting form for None None on None: Message: 
Stacktrace:
0   undetected_chromedriver             0x0000000102831848 undetected_chromedriver + 5179464
1   undetected_chromedriver             0x000000010282927a undetected_chromedriver + 5145210
2   undetected_chromedriver             0x00000001023a02b0 undetected_chromedriver + 389808
3   undetected_chromedriver             0x00000001023ec3e1 undetected_chromedriver + 701409
4   undetected_chromedriver             0x00000001023ec691 undetected_chromedriver + 702097
5   undetected_chromedriver             0x000000010242e464 undetected_chromedriver + 971876
6   undetected_chromedriver             0x000000010240e7dd undetected_chromedriver + 841693
7   undetected_chromedriver             0x000000010242bb9b undetected_chromedriver + 961435
8   undetected_chromedriver             0x000000010240e553 undetected_chromedriver + 841043
9   undetected_chromedriver             0x00000001023df7f6 undetected_chromedriver + 649206
10  undetected_chromedriver             0x00000001023e005e undetected_chromedriver + 651358
11  undetected_chromedriver             0x00000001027f4ab0 undetected_chromedriver + 4930224
12  undetected_chromedriver             0x00000001027f99c6 undetected_chromedriver + 4950470
13  undetected_chromedriver             0x00000001027fa095 undetected_chromedriver + 4952213
14  undetected_chromedriver             0x00000001027d6e79 undetected_chromedriver + 4808313
15  undetected_chromedriver             0x00000001027fa389 undetected_chromedriver + 4952969
16  undetected_chromedriver             0x00000001027c87d4 undetected_chromedriver + 4749268
17  undetected_chromedriver             0x0000000102819558 undetected_chromedriver + 5080408
18  undetected_chromedriver             0x0000000102819717 undetected_chromedriver + 5080855
19  undetected_chromedriver             0x0000000102828e5e undetected_chromedriver + 5144158
20  libsystem_pthread.dylib             0x00007ff81b10a4e1 _pthread_start + 125
21  libsystem_pthread.dylib             0x00007ff81b105f6b thread_start + 15

2024-08-12 17:44:30,191 - ERROR - Error in first step for None None on None: Message: 
Stacktrace:
0   undetected_chromedriver             0x0000000105ff2848 undetected_chromedriver + 5179464
1   undetected_chromedriver             0x0000000105fea27a undetected_chromedriver + 5145210
2   undetected_chromedriver             0x0000000105b612b0 undetected_chromedriver + 389808
3   undetected_chromedriver             0x0000000105bad3e1 undetected_chromedriver + 701409
4   undetected_chromedriver             0x0000000105bad691 undetected_chromedriver + 702097
5   undetected_chromedriver             0x0000000105bef464 undetected_chromedriver + 971876
6   undetected_chromedriver             0x0000000105bcf7dd undetected_chromedriver + 841693
7   undetected_chromedriver             0x0000000105becb9b undetected_chromedriver + 961435
8   undetected_chromedriver             0x0000000105bcf553 undetected_chromedriver + 841043
9   undetected_chromedriver             0x0000000105ba07f6 undetected_chromedriver + 649206
10  undetected_chromedriver             0x0000000105ba105e undetected_chromedriver + 651358
11  undetected_chromedriver             0x0000000105fb5ab0 undetected_chromedriver + 4930224
12  undetected_chromedriver             0x0000000105fba9c6 undetected_chromedriver + 4950470
13  undetected_chromedriver             0x0000000105fbb095 undetected_chromedriver + 4952213
14  undetected_chromedriver             0x0000000105f97e79 undetected_chromedriver + 4808313
15  undetected_chromedriver             0x0000000105fbb389 undetected_chromedriver + 4952969
16  undetected_chromedriver             0x0000000105f897d4 undetected_chromedriver + 4749268
17  undetected_chromedriver             0x0000000105fda558 undetected_chromedriver + 5080408
18  undetected_chromedriver             0x0000000105fda717 undetected_chromedriver + 5080855
19  undetected_chromedriver             0x0000000105fe9e5e undetected_chromedriver + 5144158
20  libsystem_pthread.dylib             0x00007ff81b10a4e1 _pthread_start + 125
21  libsystem_pthread.dylib             0x00007ff81b105f6b thread_start + 15

2024-08-12 17:44:30,216 - ERROR - Error occurred while submitting form for None None on None: Message: 
Stacktrace:
0   undetected_chromedriver             0x0000000105ff2848 undetected_chromedriver + 5179464
1   undetected_chromedriver             0x0000000105fea27a undetected_chromedriver + 5145210
2   undetected_chromedriver             0x0000000105b612b0 undetected_chromedriver + 389808
3   undetected_chromedriver             0x0000000105bad3e1 undetected_chromedriver + 701409
4   undetected_chromedriver             0x0000000105bad691 undetected_chromedriver + 702097
5   undetected_chromedriver             0x0000000105bef464 undetected_chromedriver + 971876
6   undetected_chromedriver             0x0000000105bcf7dd undetected_chromedriver + 841693
7   undetected_chromedriver             0x0000000105becb9b undetected_chromedriver + 961435
8   undetected_chromedriver             0x0000000105bcf553 undetected_chromedriver + 841043
9   undetected_chromedriver             0x0000000105ba07f6 undetected_chromedriver + 649206
10  undetected_chromedriver             0x0000000105ba105e undetected_chromedriver + 651358
11  undetected_chromedriver             0x0000000105fb5ab0 undetected_chromedriver + 4930224
12  undetected_chromedriver             0x0000000105fba9c6 undetected_chromedriver + 4950470
13  undetected_chromedriver             0x0000000105fbb095 undetected_chromedriver + 4952213
14  undetected_chromedriver             0x0000000105f97e79 undetected_chromedriver + 4808313
15  undetected_chromedriver             0x0000000105fbb389 undetected_chromedriver + 4952969
16  undetected_chromedriver             0x0000000105f897d4 undetected_chromedriver + 4749268
17  undetected_chromedriver             0x0000000105fda558 undetected_chromedriver + 5080408
18  undetected_chromedriver             0x0000000105fda717 undetected_chromedriver + 5080855
19  undetected_chromedriver             0x0000000105fe9e5e undetected_chromedriver + 5144158
20  libsystem_pthread.dylib             0x00007ff81b10a4e1 _pthread_start + 125
21  libsystem_pthread.dylib             0x00007ff81b105f6b thread_start + 15

2024-08-12 17:44:33,136 - INFO - patching driver executable /Users/eleven23/Library/Application Support/undetected_chromedriver/undetected_chromedriver
2024-08-12 17:44:34,307 - ERROR - Error in first step for None None on None: Message: 
Stacktrace:
0   undetected_chromedriver             0x000000010fc55848 undetected_chromedriver + 5179464
1   undetected_chromedriver             0x000000010fc4d27a undetected_chromedriver + 5145210
2   undetected_chromedriver             0x000000010f7c42b0 undetected_chromedriver + 389808
3   undetected_chromedriver             0x000000010f8103e1 undetected_chromedriver + 701409
4   undetected_chromedriver             0x000000010f810691 undetected_chromedriver + 702097
5   undetected_chromedriver             0x000000010f852464 undetected_chromedriver + 971876
6   undetected_chromedriver             0x000000010f8327dd undetected_chromedriver + 841693
7   undetected_chromedriver             0x000000010f84fb9b undetected_chromedriver + 961435
8   undetected_chromedriver             0x000000010f832553 undetected_chromedriver + 841043
9   undetected_chromedriver             0x000000010f8037f6 undetected_chromedriver + 649206
10  undetected_chromedriver             0x000000010f80405e undetected_chromedriver + 651358
11  undetected_chromedriver             0x000000010fc18ab0 undetected_chromedriver + 4930224
12  undetected_chromedriver             0x000000010fc1d9c6 undetected_chromedriver + 4950470
13  undetected_chromedriver             0x000000010fc1e095 undetected_chromedriver + 4952213
14  undetected_chromedriver             0x000000010fbfae79 undetected_chromedriver + 4808313
15  undetected_chromedriver             0x000000010fc1e389 undetected_chromedriver + 4952969
16  undetected_chromedriver             0x000000010fbec7d4 undetected_chromedriver + 4749268
17  undetected_chromedriver             0x000000010fc3d558 undetected_chromedriver + 5080408
18  undetected_chromedriver             0x000000010fc3d717 undetected_chromedriver + 5080855
19  undetected_chromedriver             0x000000010fc4ce5e undetected_chromedriver + 5144158
20  libsystem_pthread.dylib             0x00007ff81b10a4e1 _pthread_start + 125
21  libsystem_pthread.dylib             0x00007ff81b105f6b thread_start + 15

2024-08-12 17:44:34,320 - ERROR - Error occurred while submitting form for None None on None: Message: 
Stacktrace:
0   undetected_chromedriver             0x000000010fc55848 undetected_chromedriver + 5179464
1   undetected_chromedriver             0x000000010fc4d27a undetected_chromedriver + 5145210
2   undetected_chromedriver             0x000000010f7c42b0 undetected_chromedriver + 389808
3   undetected_chromedriver             0x000000010f8103e1 undetected_chromedriver + 701409
4   undetected_chromedriver             0x000000010f810691 undetected_chromedriver + 702097
5   undetected_chromedriver             0x000000010f852464 undetected_chromedriver + 971876
6   undetected_chromedriver             0x000000010f8327dd undetected_chromedriver + 841693
7   undetected_chromedriver             0x000000010f84fb9b undetected_chromedriver + 961435
8   undetected_chromedriver             0x000000010f832553 undetected_chromedriver + 841043
9   undetected_chromedriver             0x000000010f8037f6 undetected_chromedriver + 649206
10  undetected_chromedriver             0x000000010f80405e undetected_chromedriver + 651358
11  undetected_chromedriver             0x000000010fc18ab0 undetected_chromedriver + 4930224
12  undetected_chromedriver             0x000000010fc1d9c6 undetected_chromedriver + 4950470
13  undetected_chromedriver             0x000000010fc1e095 undetected_chromedriver + 4952213
14  undetected_chromedriver             0x000000010fbfae79 undetected_chromedriver + 4808313
15  undetected_chromedriver             0x000000010fc1e389 undetected_chromedriver + 4952969
16  undetected_chromedriver             0x000000010fbec7d4 undetected_chromedriver + 4749268
17  undetected_chromedriver             0x000000010fc3d558 undetected_chromedriver + 5080408
18  undetected_chromedriver             0x000000010fc3d717 undetected_chromedriver + 5080855
19  undetected_chromedriver             0x000000010fc4ce5e undetected_chromedriver + 5144158
20  libsystem_pthread.dylib             0x00007ff81b10a4e1 _pthread_start + 125
21  libsystem_pthread.dylib             0x00007ff81b105f6b thread_start + 15

2024-08-12 17:44:36,165 - INFO - patching driver executable /Users/eleven23/Library/Application Support/undetected_chromedriver/undetected_chromedriver
2024-08-12 17:44:39,183 - INFO - patching driver executable /Users/eleven23/Library/Application Support/undetected_chromedriver/undetected_chromedriver
2024-08-12 17:44:40,662 - ERROR - Error in first step for None None on None: Message: 
Stacktrace:
0   undetected_chromedriver             0x0000000100db3848 undetected_chromedriver + 5179464
1   undetected_chromedriver             0x0000000100dab27a undetected_chromedriver + 5145210
2   undetected_chromedriver             0x00000001009222b0 undetected_chromedriver + 389808
3   undetected_chromedriver             0x000000010096e3e1 undetected_chromedriver + 701409
4   undetected_chromedriver             0x000000010096e691 undetected_chromedriver + 702097
5   undetected_chromedriver             0x00000001009b0464 undetected_chromedriver + 971876
6   undetected_chromedriver             0x00000001009907dd undetected_chromedriver + 841693
7   undetected_chromedriver             0x00000001009adb9b undetected_chromedriver + 961435
8   undetected_chromedriver             0x0000000100990553 undetected_chromedriver + 841043
9   undetected_chromedriver             0x00000001009617f6 undetected_chromedriver + 649206
10  undetected_chromedriver             0x000000010096205e undetected_chromedriver + 651358
11  undetected_chromedriver             0x0000000100d76ab0 undetected_chromedriver + 4930224
12  undetected_chromedriver             0x0000000100d7b9c6 undetected_chromedriver + 4950470
13  undetected_chromedriver             0x0000000100d7c095 undetected_chromedriver + 4952213
14  undetected_chromedriver             0x0000000100d58e79 undetected_chromedriver + 4808313
15  undetected_chromedriver             0x0000000100d7c389 undetected_chromedriver + 4952969
16  undetected_chromedriver             0x0000000100d4a7d4 undetected_chromedriver + 4749268
17  undetected_chromedriver             0x0000000100d9b558 undetected_chromedriver + 5080408
18  undetected_chromedriver             0x0000000100d9b717 undetected_chromedriver + 5080855
19  undetected_chromedriver             0x0000000100daae5e undetected_chromedriver + 5144158
20  libsystem_pthread.dylib             0x00007ff81b10a4e1 _pthread_start + 125
21  libsystem_pthread.dylib             0x00007ff81b105f6b thread_start + 15

2024-08-12 17:44:40,685 - ERROR - Error occurred while submitting form for None None on None: Message: 
Stacktrace:
0   undetected_chromedriver             0x0000000100db3848 undetected_chromedriver + 5179464
1   undetected_chromedriver             0x0000000100dab27a undetected_chromedriver + 5145210
2   undetected_chromedriver             0x00000001009222b0 undetected_chromedriver + 389808
3   undetected_chromedriver             0x000000010096e3e1 undetected_chromedriver + 701409
4   undetected_chromedriver             0x000000010096e691 undetected_chromedriver + 702097
5   undetected_chromedriver             0x00000001009b0464 undetected_chromedriver + 971876
6   undetected_chromedriver             0x00000001009907dd undetected_chromedriver + 841693
7   undetected_chromedriver             0x00000001009adb9b undetected_chromedriver + 961435
8   undetected_chromedriver             0x0000000100990553 undetected_chromedriver + 841043
9   undetected_chromedriver             0x00000001009617f6 undetected_chromedriver + 649206
10  undetected_chromedriver             0x000000010096205e undetected_chromedriver + 651358
11  undetected_chromedriver             0x0000000100d76ab0 undetected_chromedriver + 4930224
12  undetected_chromedriver             0x0000000100d7b9c6 undetected_chromedriver + 4950470
13  undetected_chromedriver             0x0000000100d7c095 undetected_chromedriver + 4952213
14  undetected_chromedriver             0x0000000100d58e79 undetected_chromedriver + 4808313
15  undetected_chromedriver             0x0000000100d7c389 undetected_chromedriver + 4952969
16  undetected_chromedriver             0x0000000100d4a7d4 undetected_chromedriver + 4749268
17  undetected_chromedriver             0x0000000100d9b558 undetected_chromedriver + 5080408
18  undetected_chromedriver             0x0000000100d9b717 undetected_chromedriver + 5080855
19  undetected_chromedriver             0x0000000100daae5e undetected_chromedriver + 5144158
20  libsystem_pthread.dylib             0x00007ff81b10a4e1 _pthread_start + 125
21  libsystem_pthread.dylib             0x00007ff81b105f6b thread_start + 15

2024-08-12 17:44:42,906 - ERROR - Error in first step for None None on None: Message: 
Stacktrace:
0   undetected_chromedriver             0x0000000102831848 undetected_chromedriver + 5179464
1   undetected_chromedriver             0x000000010282927a undetected_chromedriver + 5145210
2   undetected_chromedriver             0x00000001023a02b0 undetected_chromedriver + 389808
3   undetected_chromedriver             0x00000001023ec3e1 undetected_chromedriver + 701409
4   undetected_chromedriver             0x00000001023ec691 undetected_chromedriver + 702097
5   undetected_chromedriver             0x000000010242e464 undetected_chromedriver + 971876
6   undetected_chromedriver             0x000000010240e7dd undetected_chromedriver + 841693
7   undetected_chromedriver             0x000000010242bb9b undetected_chromedriver + 961435
8   undetected_chromedriver             0x000000010240e553 undetected_chromedriver + 841043
9   undetected_chromedriver             0x00000001023df7f6 undetected_chromedriver + 649206
10  undetected_chromedriver             0x00000001023e005e undetected_chromedriver + 651358
11  undetected_chromedriver             0x00000001027f4ab0 undetected_chromedriver + 4930224
12  undetected_chromedriver             0x00000001027f99c6 undetected_chromedriver + 4950470
13  undetected_chromedriver             0x00000001027fa095 undetected_chromedriver + 4952213
14  undetected_chromedriver             0x00000001027d6e79 undetected_chromedriver + 4808313
15  undetected_chromedriver             0x00000001027fa389 undetected_chromedriver + 4952969
16  undetected_chromedriver             0x00000001027c87d4 undetected_chromedriver + 4749268
17  undetected_chromedriver             0x0000000102819558 undetected_chromedriver + 5080408
18  undetected_chromedriver             0x0000000102819717 undetected_chromedriver + 5080855
19  undetected_chromedriver             0x0000000102828e5e undetected_chromedriver + 5144158
20  libsystem_pthread.dylib             0x00007ff81b10a4e1 _pthread_start + 125
21  libsystem_pthread.dylib             0x00007ff81b105f6b thread_start + 15

2024-08-12 17:44:42,906 - ERROR - Error occurred while submitting form for None None on None: Message: 
Stacktrace:
0   undetected_chromedriver             0x0000000102831848 undetected_chromedriver + 5179464
1   undetected_chromedriver             0x000000010282927a undetected_chromedriver + 5145210
2   undetected_chromedriver             0x00000001023a02b0 undetected_chromedriver + 389808
3   undetected_chromedriver             0x00000001023ec3e1 undetected_chromedriver + 701409
4   undetected_chromedriver             0x00000001023ec691 undetected_chromedriver + 702097
5   undetected_chromedriver             0x000000010242e464 undetected_chromedriver + 971876
6   undetected_chromedriver             0x000000010240e7dd undetected_chromedriver + 841693
7   undetected_chromedriver             0x000000010242bb9b undetected_chromedriver + 961435
8   undetected_chromedriver             0x000000010240e553 undetected_chromedriver + 841043
9   undetected_chromedriver             0x00000001023df7f6 undetected_chromedriver + 649206
10  undetected_chromedriver             0x00000001023e005e undetected_chromedriver + 651358
11  undetected_chromedriver             0x00000001027f4ab0 undetected_chromedriver + 4930224
12  undetected_chromedriver             0x00000001027f99c6 undetected_chromedriver + 4950470
13  undetected_chromedriver             0x00000001027fa095 undetected_chromedriver + 4952213
14  undetected_chromedriver             0x00000001027d6e79 undetected_chromedriver + 4808313
15  undetected_chromedriver             0x00000001027fa389 undetected_chromedriver + 4952969
16  undetected_chromedriver             0x00000001027c87d4 undetected_chromedriver + 4749268
17  undetected_chromedriver             0x0000000102819558 undetected_chromedriver + 5080408
18  undetected_chromedriver             0x0000000102819717 undetected_chromedriver + 5080855
19  undetected_chromedriver             0x0000000102828e5e undetected_chromedriver + 5144158
20  libsystem_pthread.dylib             0x00007ff81b10a4e1 _pthread_start + 125
21  libsystem_pthread.dylib             0x00007ff81b105f6b thread_start + 15

2024-08-12 17:44:43,100 - INFO - patching driver executable /Users/eleven23/Library/Application Support/undetected_chromedriver/undetected_chromedriver
2024-08-12 17:44:46,031 - ERROR - Error in first step for None None on None: Message: 
Stacktrace:
0   undetected_chromedriver             0x0000000105ff2848 undetected_chromedriver + 5179464
1   undetected_chromedriver             0x0000000105fea27a undetected_chromedriver + 5145210
2   undetected_chromedriver             0x0000000105b612b0 undetected_chromedriver + 389808
3   undetected_chromedriver             0x0000000105bad3e1 undetected_chromedriver + 701409
4   undetected_chromedriver             0x0000000105bad691 undetected_chromedriver + 702097
5   undetected_chromedriver             0x0000000105bef464 undetected_chromedriver + 971876
6   undetected_chromedriver             0x0000000105bcf7dd undetected_chromedriver + 841693
7   undetected_chromedriver             0x0000000105becb9b undetected_chromedriver + 961435
8   undetected_chromedriver             0x0000000105bcf553 undetected_chromedriver + 841043
9   undetected_chromedriver             0x0000000105ba07f6 undetected_chromedriver + 649206
10  undetected_chromedriver             0x0000000105ba105e undetected_chromedriver + 651358
11  undetected_chromedriver             0x0000000105fb5ab0 undetected_chromedriver + 4930224
12  undetected_chromedriver             0x0000000105fba9c6 undetected_chromedriver + 4950470
13  undetected_chromedriver             0x0000000105fbb095 undetected_chromedriver + 4952213
14  undetected_chromedriver             0x0000000105f97e79 undetected_chromedriver + 4808313
15  undetected_chromedriver             0x0000000105fbb389 undetected_chromedriver + 4952969
16  undetected_chromedriver             0x0000000105f897d4 undetected_chromedriver + 4749268
17  undetected_chromedriver             0x0000000105fda558 undetected_chromedriver + 5080408
18  undetected_chromedriver             0x0000000105fda717 undetected_chromedriver + 5080855
19  undetected_chromedriver             0x0000000105fe9e5e undetected_chromedriver + 5144158
20  libsystem_pthread.dylib             0x00007ff81b10a4e1 _pthread_start + 125
21  libsystem_pthread.dylib             0x00007ff81b105f6b thread_start + 15

2024-08-12 17:44:46,046 - ERROR - Error occurred while submitting form for None None on None: Message: 
Stacktrace:
0   undetected_chromedriver             0x0000000105ff2848 undetected_chromedriver + 5179464
1   undetected_chromedriver             0x0000000105fea27a undetected_chromedriver + 5145210
2   undetected_chromedriver             0x0000000105b612b0 undetected_chromedriver + 389808
3   undetected_chromedriver             0x0000000105bad3e1 undetected_chromedriver + 701409
4   undetected_chromedriver             0x0000000105bad691 undetected_chromedriver + 702097
5   undetected_chromedriver             0x0000000105bef464 undetected_chromedriver + 971876
6   undetected_chromedriver             0x0000000105bcf7dd undetected_chromedriver + 841693
7   undetected_chromedriver             0x0000000105becb9b undetected_chromedriver + 961435
8   undetected_chromedriver             0x0000000105bcf553 undetected_chromedriver + 841043
9   undetected_chromedriver             0x0000000105ba07f6 undetected_chromedriver + 649206
10  undetected_chromedriver             0x0000000105ba105e undetected_chromedriver + 651358
11  undetected_chromedriver             0x0000000105fb5ab0 undetected_chromedriver + 4930224
12  undetected_chromedriver             0x0000000105fba9c6 undetected_chromedriver + 4950470
13  undetected_chromedriver             0x0000000105fbb095 undetected_chromedriver + 4952213
14  undetected_chromedriver             0x0000000105f97e79 undetected_chromedriver + 4808313
15  undetected_chromedriver             0x0000000105fbb389 undetected_chromedriver + 4952969
16  undetected_chromedriver             0x0000000105f897d4 undetected_chromedriver + 4749268
17  undetected_chromedriver             0x0000000105fda558 undetected_chromedriver + 5080408
18  undetected_chromedriver             0x0000000105fda717 undetected_chromedriver + 5080855
19  undetected_chromedriver             0x0000000105fe9e5e undetected_chromedriver + 5144158
20  libsystem_pthread.dylib             0x00007ff81b10a4e1 _pthread_start + 125
21  libsystem_pthread.dylib             0x00007ff81b105f6b thread_start + 15

2024-08-12 17:44:50,147 - ERROR - Error in first step for None None on None: Message: 
Stacktrace:
0   undetected_chromedriver             0x000000010fc55848 undetected_chromedriver + 5179464
1   undetected_chromedriver             0x000000010fc4d27a undetected_chromedriver + 5145210
2   undetected_chromedriver             0x000000010f7c42b0 undetected_chromedriver + 389808
3   undetected_chromedriver             0x000000010f8103e1 undetected_chromedriver + 701409
4   undetected_chromedriver             0x000000010f810691 undetected_chromedriver + 702097
5   undetected_chromedriver             0x000000010f852464 undetected_chromedriver + 971876
6   undetected_chromedriver             0x000000010f8327dd undetected_chromedriver + 841693
7   undetected_chromedriver             0x000000010f84fb9b undetected_chromedriver + 961435
8   undetected_chromedriver             0x000000010f832553 undetected_chromedriver + 841043
9   undetected_chromedriver             0x000000010f8037f6 undetected_chromedriver + 649206
10  undetected_chromedriver             0x000000010f80405e undetected_chromedriver + 651358
11  undetected_chromedriver             0x000000010fc18ab0 undetected_chromedriver + 4930224
12  undetected_chromedriver             0x000000010fc1d9c6 undetected_chromedriver + 4950470
13  undetected_chromedriver             0x000000010fc1e095 undetected_chromedriver + 4952213
14  undetected_chromedriver             0x000000010fbfae79 undetected_chromedriver + 4808313
15  undetected_chromedriver             0x000000010fc1e389 undetected_chromedriver + 4952969
16  undetected_chromedriver             0x000000010fbec7d4 undetected_chromedriver + 4749268
17  undetected_chromedriver             0x000000010fc3d558 undetected_chromedriver + 5080408
18  undetected_chromedriver             0x000000010fc3d717 undetected_chromedriver + 5080855
19  undetected_chromedriver             0x000000010fc4ce5e undetected_chromedriver + 5144158
20  libsystem_pthread.dylib             0x00007ff81b10a4e1 _pthread_start + 125
21  libsystem_pthread.dylib             0x00007ff81b105f6b thread_start + 15

2024-08-12 17:44:50,150 - ERROR - Error occurred while submitting form for None None on None: Message: 
Stacktrace:
0   undetected_chromedriver             0x000000010fc55848 undetected_chromedriver + 5179464
1   undetected_chromedriver             0x000000010fc4d27a undetected_chromedriver + 5145210
2   undetected_chromedriver             0x000000010f7c42b0 undetected_chromedriver + 389808
3   undetected_chromedriver             0x000000010f8103e1 undetected_chromedriver + 701409
4   undetected_chromedriver             0x000000010f810691 undetected_chromedriver + 702097
5   undetected_chromedriver             0x000000010f852464 undetected_chromedriver + 971876
6   undetected_chromedriver             0x000000010f8327dd undetected_chromedriver + 841693
7   undetected_chromedriver             0x000000010f84fb9b undetected_chromedriver + 961435
8   undetected_chromedriver             0x000000010f832553 undetected_chromedriver + 841043
9   undetected_chromedriver             0x000000010f8037f6 undetected_chromedriver + 649206
10  undetected_chromedriver             0x000000010f80405e undetected_chromedriver + 651358
11  undetected_chromedriver             0x000000010fc18ab0 undetected_chromedriver + 4930224
12  undetected_chromedriver             0x000000010fc1d9c6 undetected_chromedriver + 4950470
13  undetected_chromedriver             0x000000010fc1e095 undetected_chromedriver + 4952213
14  undetected_chromedriver             0x000000010fbfae79 undetected_chromedriver + 4808313
15  undetected_chromedriver             0x000000010fc1e389 undetected_chromedriver + 4952969
16  undetected_chromedriver             0x000000010fbec7d4 undetected_chromedriver + 4749268
17  undetected_chromedriver             0x000000010fc3d558 undetected_chromedriver + 5080408
18  undetected_chromedriver             0x000000010fc3d717 undetected_chromedriver + 5080855
19  undetected_chromedriver             0x000000010fc4ce5e undetected_chromedriver + 5144158
20  libsystem_pthread.dylib             0x00007ff81b10a4e1 _pthread_start + 125
21  libsystem_pthread.dylib             0x00007ff81b105f6b thread_start + 15

2024-08-12 17:44:50,682 - ERROR - Error in first step for None None on None: Message: 
Stacktrace:
0   undetected_chromedriver             0x0000000102b3e848 undetected_chromedriver + 5179464
1   undetected_chromedriver             0x0000000102b3627a undetected_chromedriver + 5145210
2   undetected_chromedriver             0x00000001026ad2b0 undetected_chromedriver + 389808
3   undetected_chromedriver             0x00000001026f93e1 undetected_chromedriver + 701409
4   undetected_chromedriver             0x00000001026f9691 undetected_chromedriver + 702097
5   undetected_chromedriver             0x000000010273b464 undetected_chromedriver + 971876
6   undetected_chromedriver             0x000000010271b7dd undetected_chromedriver + 841693
7   undetected_chromedriver             0x0000000102738b9b undetected_chromedriver + 961435
8   undetected_chromedriver             0x000000010271b553 undetected_chromedriver + 841043
9   undetected_chromedriver             0x00000001026ec7f6 undetected_chromedriver + 649206
10  undetected_chromedriver             0x00000001026ed05e undetected_chromedriver + 651358
11  undetected_chromedriver             0x0000000102b01ab0 undetected_chromedriver + 4930224
12  undetected_chromedriver             0x0000000102b069c6 undetected_chromedriver + 4950470
13  undetected_chromedriver             0x0000000102b07095 undetected_chromedriver + 4952213
14  undetected_chromedriver             0x0000000102ae3e79 undetected_chromedriver + 4808313
15  undetected_chromedriver             0x0000000102b07389 undetected_chromedriver + 4952969
16  undetected_chromedriver             0x0000000102ad57d4 undetected_chromedriver + 4749268
17  undetected_chromedriver             0x0000000102b26558 undetected_chromedriver + 5080408
18  undetected_chromedriver             0x0000000102b26717 undetected_chromedriver + 5080855
19  undetected_chromedriver             0x0000000102b35e5e undetected_chromedriver + 5144158
20  libsystem_pthread.dylib             0x00007ff81b10a4e1 _pthread_start + 125
21  libsystem_pthread.dylib             0x00007ff81b105f6b thread_start + 15

2024-08-12 17:44:50,706 - ERROR - Error occurred while submitting form for None None on None: Message: 
Stacktrace:
0   undetected_chromedriver             0x0000000102b3e848 undetected_chromedriver + 5179464
1   undetected_chromedriver             0x0000000102b3627a undetected_chromedriver + 5145210
2   undetected_chromedriver             0x00000001026ad2b0 undetected_chromedriver + 389808
3   undetected_chromedriver             0x00000001026f93e1 undetected_chromedriver + 701409
4   undetected_chromedriver             0x00000001026f9691 undetected_chromedriver + 702097
5   undetected_chromedriver             0x000000010273b464 undetected_chromedriver + 971876
6   undetected_chromedriver             0x000000010271b7dd undetected_chromedriver + 841693
7   undetected_chromedriver             0x0000000102738b9b undetected_chromedriver + 961435
8   undetected_chromedriver             0x000000010271b553 undetected_chromedriver + 841043
9   undetected_chromedriver             0x00000001026ec7f6 undetected_chromedriver + 649206
10  undetected_chromedriver             0x00000001026ed05e undetected_chromedriver + 651358
11  undetected_chromedriver             0x0000000102b01ab0 undetected_chromedriver + 4930224
12  undetected_chromedriver             0x0000000102b069c6 undetected_chromedriver + 4950470
13  undetected_chromedriver             0x0000000102b07095 undetected_chromedriver + 4952213
14  undetected_chromedriver             0x0000000102ae3e79 undetected_chromedriver + 4808313
15  undetected_chromedriver             0x0000000102b07389 undetected_chromedriver + 4952969
16  undetected_chromedriver             0x0000000102ad57d4 undetected_chromedriver + 4749268
17  undetected_chromedriver             0x0000000102b26558 undetected_chromedriver + 5080408
18  undetected_chromedriver             0x0000000102b26717 undetected_chromedriver + 5080855
19  undetected_chromedriver             0x0000000102b35e5e undetected_chromedriver + 5144158
20  libsystem_pthread.dylib             0x00007ff81b10a4e1 _pthread_start + 125
21  libsystem_pthread.dylib             0x00007ff81b105f6b thread_start + 15

2024-08-12 17:44:53,738 - ERROR - Error in first step for None None on None: Message: 
Stacktrace:
0   undetected_chromedriver             0x000000010d673848 undetected_chromedriver + 5179464
1   undetected_chromedriver             0x000000010d66b27a undetected_chromedriver + 5145210
2   undetected_chromedriver             0x000000010d1e22b0 undetected_chromedriver + 389808
3   undetected_chromedriver             0x000000010d22e3e1 undetected_chromedriver + 701409
4   undetected_chromedriver             0x000000010d22e691 undetected_chromedriver + 702097
5   undetected_chromedriver             0x000000010d270464 undetected_chromedriver + 971876
6   undetected_chromedriver             0x000000010d2507dd undetected_chromedriver + 841693
7   undetected_chromedriver             0x000000010d26db9b undetected_chromedriver + 961435
8   undetected_chromedriver             0x000000010d250553 undetected_chromedriver + 841043
9   undetected_chromedriver             0x000000010d2217f6 undetected_chromedriver + 649206
10  undetected_chromedriver             0x000000010d22205e undetected_chromedriver + 651358
11  undetected_chromedriver             0x000000010d636ab0 undetected_chromedriver + 4930224
12  undetected_chromedriver             0x000000010d63b9c6 undetected_chromedriver + 4950470
13  undetected_chromedriver             0x000000010d63c095 undetected_chromedriver + 4952213
14  undetected_chromedriver             0x000000010d618e79 undetected_chromedriver + 4808313
15  undetected_chromedriver             0x000000010d63c389 undetected_chromedriver + 4952969
16  undetected_chromedriver             0x000000010d60a7d4 undetected_chromedriver + 4749268
17  undetected_chromedriver             0x000000010d65b558 undetected_chromedriver + 5080408
18  undetected_chromedriver             0x000000010d65b717 undetected_chromedriver + 5080855
19  undetected_chromedriver             0x000000010d66ae5e undetected_chromedriver + 5144158
20  libsystem_pthread.dylib             0x00007ff81b10a4e1 _pthread_start + 125
21  libsystem_pthread.dylib             0x00007ff81b105f6b thread_start + 15

2024-08-12 17:44:53,746 - ERROR - Error occurred while submitting form for None None on None: Message: 
Stacktrace:
0   undetected_chromedriver             0x000000010d673848 undetected_chromedriver + 5179464
1   undetected_chromedriver             0x000000010d66b27a undetected_chromedriver + 5145210
2   undetected_chromedriver             0x000000010d1e22b0 undetected_chromedriver + 389808
3   undetected_chromedriver             0x000000010d22e3e1 undetected_chromedriver + 701409
4   undetected_chromedriver             0x000000010d22e691 undetected_chromedriver + 702097
5   undetected_chromedriver             0x000000010d270464 undetected_chromedriver + 971876
6   undetected_chromedriver             0x000000010d2507dd undetected_chromedriver + 841693
7   undetected_chromedriver             0x000000010d26db9b undetected_chromedriver + 961435
8   undetected_chromedriver             0x000000010d250553 undetected_chromedriver + 841043
9   undetected_chromedriver             0x000000010d2217f6 undetected_chromedriver + 649206
10  undetected_chromedriver             0x000000010d22205e undetected_chromedriver + 651358
11  undetected_chromedriver             0x000000010d636ab0 undetected_chromedriver + 4930224
12  undetected_chromedriver             0x000000010d63b9c6 undetected_chromedriver + 4950470
13  undetected_chromedriver             0x000000010d63c095 undetected_chromedriver + 4952213
14  undetected_chromedriver             0x000000010d618e79 undetected_chromedriver + 4808313
15  undetected_chromedriver             0x000000010d63c389 undetected_chromedriver + 4952969
16  undetected_chromedriver             0x000000010d60a7d4 undetected_chromedriver + 4749268
17  undetected_chromedriver             0x000000010d65b558 undetected_chromedriver + 5080408
18  undetected_chromedriver             0x000000010d65b717 undetected_chromedriver + 5080855
19  undetected_chromedriver             0x000000010d66ae5e undetected_chromedriver + 5144158
20  libsystem_pthread.dylib             0x00007ff81b10a4e1 _pthread_start + 125
21  libsystem_pthread.dylib             0x00007ff81b105f6b thread_start + 15

2024-08-12 17:44:56,504 - ERROR - Error in first step for None None on None: Message: 
Stacktrace:
0   undetected_chromedriver             0x000000010dc14848 undetected_chromedriver + 5179464
1   undetected_chromedriver             0x000000010dc0c27a undetected_chromedriver + 5145210
2   undetected_chromedriver             0x000000010d7832b0 undetected_chromedriver + 389808
3   undetected_chromedriver             0x000000010d7cf3e1 undetected_chromedriver + 701409
4   undetected_chromedriver             0x000000010d7cf691 undetected_chromedriver + 702097
5   undetected_chromedriver             0x000000010d811464 undetected_chromedriver + 971876
6   undetected_chromedriver             0x000000010d7f17dd undetected_chromedriver + 841693
7   undetected_chromedriver             0x000000010d80eb9b undetected_chromedriver + 961435
8   undetected_chromedriver             0x000000010d7f1553 undetected_chromedriver + 841043
9   undetected_chromedriver             0x000000010d7c27f6 undetected_chromedriver + 649206
10  undetected_chromedriver             0x000000010d7c305e undetected_chromedriver + 651358
11  undetected_chromedriver             0x000000010dbd7ab0 undetected_chromedriver + 4930224
12  undetected_chromedriver             0x000000010dbdc9c6 undetected_chromedriver + 4950470
13  undetected_chromedriver             0x000000010dbdd095 undetected_chromedriver + 4952213
14  undetected_chromedriver             0x000000010dbb9e79 undetected_chromedriver + 4808313
15  undetected_chromedriver             0x000000010dbdd389 undetected_chromedriver + 4952969
16  undetected_chromedriver             0x000000010dbab7d4 undetected_chromedriver + 4749268
17  undetected_chromedriver             0x000000010dbfc558 undetected_chromedriver + 5080408
18  undetected_chromedriver             0x000000010dbfc717 undetected_chromedriver + 5080855
19  undetected_chromedriver             0x000000010dc0be5e undetected_chromedriver + 5144158
20  libsystem_pthread.dylib             0x00007ff81b10a4e1 _pthread_start + 125
21  libsystem_pthread.dylib             0x00007ff81b105f6b thread_start + 15

2024-08-12 17:44:56,505 - ERROR - Error occurred while submitting form for None None on None: Message: 
Stacktrace:
0   undetected_chromedriver             0x000000010dc14848 undetected_chromedriver + 5179464
1   undetected_chromedriver             0x000000010dc0c27a undetected_chromedriver + 5145210
2   undetected_chromedriver             0x000000010d7832b0 undetected_chromedriver + 389808
3   undetected_chromedriver             0x000000010d7cf3e1 undetected_chromedriver + 701409
4   undetected_chromedriver             0x000000010d7cf691 undetected_chromedriver + 702097
5   undetected_chromedriver             0x000000010d811464 undetected_chromedriver + 971876
6   undetected_chromedriver             0x000000010d7f17dd undetected_chromedriver + 841693
7   undetected_chromedriver             0x000000010d80eb9b undetected_chromedriver + 961435
8   undetected_chromedriver             0x000000010d7f1553 undetected_chromedriver + 841043
9   undetected_chromedriver             0x000000010d7c27f6 undetected_chromedriver + 649206
10  undetected_chromedriver             0x000000010d7c305e undetected_chromedriver + 651358
11  undetected_chromedriver             0x000000010dbd7ab0 undetected_chromedriver + 4930224
12  undetected_chromedriver             0x000000010dbdc9c6 undetected_chromedriver + 4950470
13  undetected_chromedriver             0x000000010dbdd095 undetected_chromedriver + 4952213
14  undetected_chromedriver             0x000000010dbb9e79 undetected_chromedriver + 4808313
15  undetected_chromedriver             0x000000010dbdd389 undetected_chromedriver + 4952969
16  undetected_chromedriver             0x000000010dbab7d4 undetected_chromedriver + 4749268
17  undetected_chromedriver             0x000000010dbfc558 undetected_chromedriver + 5080408
18  undetected_chromedriver             0x000000010dbfc717 undetected_chromedriver + 5080855
19  undetected_chromedriver             0x000000010dc0be5e undetected_chromedriver + 5144158
20  libsystem_pthread.dylib             0x00007ff81b10a4e1 _pthread_start + 125
21  libsystem_pthread.dylib             0x00007ff81b105f6b thread_start + 15

2024-08-12 17:44:56,796 - ERROR - Error in first step for None None on None: Message: 
Stacktrace:
0   undetected_chromedriver             0x0000000100db3848 undetected_chromedriver + 5179464
1   undetected_chromedriver             0x0000000100dab27a undetected_chromedriver + 5145210
2   undetected_chromedriver             0x00000001009222b0 undetected_chromedriver + 389808
3   undetected_chromedriver             0x000000010096e3e1 undetected_chromedriver + 701409
4   undetected_chromedriver             0x000000010096e691 undetected_chromedriver + 702097
5   undetected_chromedriver             0x00000001009b0464 undetected_chromedriver + 971876
6   undetected_chromedriver             0x00000001009907dd undetected_chromedriver + 841693
7   undetected_chromedriver             0x00000001009adb9b undetected_chromedriver + 961435
8   undetected_chromedriver             0x0000000100990553 undetected_chromedriver + 841043
9   undetected_chromedriver             0x00000001009617f6 undetected_chromedriver + 649206
10  undetected_chromedriver             0x000000010096205e undetected_chromedriver + 651358
11  undetected_chromedriver             0x0000000100d76ab0 undetected_chromedriver + 4930224
12  undetected_chromedriver             0x0000000100d7b9c6 undetected_chromedriver + 4950470
13  undetected_chromedriver             0x0000000100d7c095 undetected_chromedriver + 4952213
14  undetected_chromedriver             0x0000000100d58e79 undetected_chromedriver + 4808313
15  undetected_chromedriver             0x0000000100d7c389 undetected_chromedriver + 4952969
16  undetected_chromedriver             0x0000000100d4a7d4 undetected_chromedriver + 4749268
17  undetected_chromedriver             0x0000000100d9b558 undetected_chromedriver + 5080408
18  undetected_chromedriver             0x0000000100d9b717 undetected_chromedriver + 5080855
19  undetected_chromedriver             0x0000000100daae5e undetected_chromedriver + 5144158
20  libsystem_pthread.dylib             0x00007ff81b10a4e1 _pthread_start + 125
21  libsystem_pthread.dylib             0x00007ff81b105f6b thread_start + 15

2024-08-12 17:44:56,810 - ERROR - Error occurred while submitting form for None None on None: Message: 
Stacktrace:
0   undetected_chromedriver             0x0000000100db3848 undetected_chromedriver + 5179464
1   undetected_chromedriver             0x0000000100dab27a undetected_chromedriver + 5145210
2   undetected_chromedriver             0x00000001009222b0 undetected_chromedriver + 389808
3   undetected_chromedriver             0x000000010096e3e1 undetected_chromedriver + 701409
4   undetected_chromedriver             0x000000010096e691 undetected_chromedriver + 702097
5   undetected_chromedriver             0x00000001009b0464 undetected_chromedriver + 971876
6   undetected_chromedriver             0x00000001009907dd undetected_chromedriver + 841693
7   undetected_chromedriver             0x00000001009adb9b undetected_chromedriver + 961435
8   undetected_chromedriver             0x0000000100990553 undetected_chromedriver + 841043
9   undetected_chromedriver             0x00000001009617f6 undetected_chromedriver + 649206
10  undetected_chromedriver             0x000000010096205e undetected_chromedriver + 651358
11  undetected_chromedriver             0x0000000100d76ab0 undetected_chromedriver + 4930224
12  undetected_chromedriver             0x0000000100d7b9c6 undetected_chromedriver + 4950470
13  undetected_chromedriver             0x0000000100d7c095 undetected_chromedriver + 4952213
14  undetected_chromedriver             0x0000000100d58e79 undetected_chromedriver + 4808313
15  undetected_chromedriver             0x0000000100d7c389 undetected_chromedriver + 4952969
16  undetected_chromedriver             0x0000000100d4a7d4 undetected_chromedriver + 4749268
17  undetected_chromedriver             0x0000000100d9b558 undetected_chromedriver + 5080408
18  undetected_chromedriver             0x0000000100d9b717 undetected_chromedriver + 5080855
19  undetected_chromedriver             0x0000000100daae5e undetected_chromedriver + 5144158
20  libsystem_pthread.dylib             0x00007ff81b10a4e1 _pthread_start + 125
21  libsystem_pthread.dylib             0x00007ff81b105f6b thread_start + 15

2024-08-12 17:44:58,684 - ERROR - Error in first step for None None on None: Message: 
Stacktrace:
0   undetected_chromedriver             0x0000000102831848 undetected_chromedriver + 5179464
1   undetected_chromedriver             0x000000010282927a undetected_chromedriver + 5145210
2   undetected_chromedriver             0x00000001023a02b0 undetected_chromedriver + 389808
3   undetected_chromedriver             0x00000001023ec3e1 undetected_chromedriver + 701409
4   undetected_chromedriver             0x00000001023ec691 undetected_chromedriver + 702097
5   undetected_chromedriver             0x000000010242e464 undetected_chromedriver + 971876
6   undetected_chromedriver             0x000000010240e7dd undetected_chromedriver + 841693
7   undetected_chromedriver             0x000000010242bb9b undetected_chromedriver + 961435
8   undetected_chromedriver             0x000000010240e553 undetected_chromedriver + 841043
9   undetected_chromedriver             0x00000001023df7f6 undetected_chromedriver + 649206
10  undetected_chromedriver             0x00000001023e005e undetected_chromedriver + 651358
11  undetected_chromedriver             0x00000001027f4ab0 undetected_chromedriver + 4930224
12  undetected_chromedriver             0x00000001027f99c6 undetected_chromedriver + 4950470
13  undetected_chromedriver             0x00000001027fa095 undetected_chromedriver + 4952213
14  undetected_chromedriver             0x00000001027d6e79 undetected_chromedriver + 4808313
15  undetected_chromedriver             0x00000001027fa389 undetected_chromedriver + 4952969
16  undetected_chromedriver             0x00000001027c87d4 undetected_chromedriver + 4749268
17  undetected_chromedriver             0x0000000102819558 undetected_chromedriver + 5080408
18  undetected_chromedriver             0x0000000102819717 undetected_chromedriver + 5080855
19  undetected_chromedriver             0x0000000102828e5e undetected_chromedriver + 5144158
20  libsystem_pthread.dylib             0x00007ff81b10a4e1 _pthread_start + 125
21  libsystem_pthread.dylib             0x00007ff81b105f6b thread_start + 15

2024-08-12 17:44:58,686 - ERROR - Error occurred while submitting form for None None on None: Message: 
Stacktrace:
0   undetected_chromedriver             0x0000000102831848 undetected_chromedriver + 5179464
1   undetected_chromedriver             0x000000010282927a undetected_chromedriver + 5145210
2   undetected_chromedriver             0x00000001023a02b0 undetected_chromedriver + 389808
3   undetected_chromedriver             0x00000001023ec3e1 undetected_chromedriver + 701409
4   undetected_chromedriver             0x00000001023ec691 undetected_chromedriver + 702097
5   undetected_chromedriver             0x000000010242e464 undetected_chromedriver + 971876
6   undetected_chromedriver             0x000000010240e7dd undetected_chromedriver + 841693
7   undetected_chromedriver             0x000000010242bb9b undetected_chromedriver + 961435
8   undetected_chromedriver             0x000000010240e553 undetected_chromedriver + 841043
9   undetected_chromedriver             0x00000001023df7f6 undetected_chromedriver + 649206
10  undetected_chromedriver             0x00000001023e005e undetected_chromedriver + 651358
11  undetected_chromedriver             0x00000001027f4ab0 undetected_chromedriver + 4930224
12  undetected_chromedriver             0x00000001027f99c6 undetected_chromedriver + 4950470
13  undetected_chromedriver             0x00000001027fa095 undetected_chromedriver + 4952213
14  undetected_chromedriver             0x00000001027d6e79 undetected_chromedriver + 4808313
15  undetected_chromedriver             0x00000001027fa389 undetected_chromedriver + 4952969
16  undetected_chromedriver             0x00000001027c87d4 undetected_chromedriver + 4749268
17  undetected_chromedriver             0x0000000102819558 undetected_chromedriver + 5080408
18  undetected_chromedriver             0x0000000102819717 undetected_chromedriver + 5080855
19  undetected_chromedriver             0x0000000102828e5e undetected_chromedriver + 5144158
20  libsystem_pthread.dylib             0x00007ff81b10a4e1 _pthread_start + 125
21  libsystem_pthread.dylib             0x00007ff81b105f6b thread_start + 15

2024-08-12 17:45:01,047 - ERROR - Error in first step for None None on None: Message: 
Stacktrace:
0   undetected_chromedriver             0x000000010b87b848 undetected_chromedriver + 5179464
1   undetected_chromedriver             0x000000010b87327a undetected_chromedriver + 5145210
2   undetected_chromedriver             0x000000010b3ea2b0 undetected_chromedriver + 389808
3   undetected_chromedriver             0x000000010b4363e1 undetected_chromedriver + 701409
4   undetected_chromedriver             0x000000010b436691 undetected_chromedriver + 702097
5   undetected_chromedriver             0x000000010b478464 undetected_chromedriver + 971876
6   undetected_chromedriver             0x000000010b4587dd undetected_chromedriver + 841693
7   undetected_chromedriver             0x000000010b475b9b undetected_chromedriver + 961435
8   undetected_chromedriver             0x000000010b458553 undetected_chromedriver + 841043
9   undetected_chromedriver             0x000000010b4297f6 undetected_chromedriver + 649206
10  undetected_chromedriver             0x000000010b42a05e undetected_chromedriver + 651358
11  undetected_chromedriver             0x000000010b83eab0 undetected_chromedriver + 4930224
12  undetected_chromedriver             0x000000010b8439c6 undetected_chromedriver + 4950470
13  undetected_chromedriver             0x000000010b844095 undetected_chromedriver + 4952213
14  undetected_chromedriver             0x000000010b820e79 undetected_chromedriver + 4808313
15  undetected_chromedriver             0x000000010b844389 undetected_chromedriver + 4952969
16  undetected_chromedriver             0x000000010b8127d4 undetected_chromedriver + 4749268
17  undetected_chromedriver             0x000000010b863558 undetected_chromedriver + 5080408
18  undetected_chromedriver             0x000000010b863717 undetected_chromedriver + 5080855
19  undetected_chromedriver             0x000000010b872e5e undetected_chromedriver + 5144158
20  libsystem_pthread.dylib             0x00007ff81b10a4e1 _pthread_start + 125
21  libsystem_pthread.dylib             0x00007ff81b105f6b thread_start + 15

2024-08-12 17:45:01,047 - ERROR - Error occurred while submitting form for None None on None: Message: 
Stacktrace:
0   undetected_chromedriver             0x000000010b87b848 undetected_chromedriver + 5179464
1   undetected_chromedriver             0x000000010b87327a undetected_chromedriver + 5145210
2   undetected_chromedriver             0x000000010b3ea2b0 undetected_chromedriver + 389808
3   undetected_chromedriver             0x000000010b4363e1 undetected_chromedriver + 701409
4   undetected_chromedriver             0x000000010b436691 undetected_chromedriver + 702097
5   undetected_chromedriver             0x000000010b478464 undetected_chromedriver + 971876
6   undetected_chromedriver             0x000000010b4587dd undetected_chromedriver + 841693
7   undetected_chromedriver             0x000000010b475b9b undetected_chromedriver + 961435
8   undetected_chromedriver             0x000000010b458553 undetected_chromedriver + 841043
9   undetected_chromedriver             0x000000010b4297f6 undetected_chromedriver + 649206
10  undetected_chromedriver             0x000000010b42a05e undetected_chromedriver + 651358
11  undetected_chromedriver             0x000000010b83eab0 undetected_chromedriver + 4930224
12  undetected_chromedriver             0x000000010b8439c6 undetected_chromedriver + 4950470
13  undetected_chromedriver             0x000000010b844095 undetected_chromedriver + 4952213
14  undetected_chromedriver             0x000000010b820e79 undetected_chromedriver + 4808313
15  undetected_chromedriver             0x000000010b844389 undetected_chromedriver + 4952969
16  undetected_chromedriver             0x000000010b8127d4 undetected_chromedriver + 4749268
17  undetected_chromedriver             0x000000010b863558 undetected_chromedriver + 5080408
18  undetected_chromedriver             0x000000010b863717 undetected_chromedriver + 5080855
19  undetected_chromedriver             0x000000010b872e5e undetected_chromedriver + 5144158
20  libsystem_pthread.dylib             0x00007ff81b10a4e1 _pthread_start + 125
21  libsystem_pthread.dylib             0x00007ff81b105f6b thread_start + 15

2024-08-12 17:45:02,094 - INFO - patching driver executable /Users/eleven23/Library/Application Support/undetected_chromedriver/undetected_chromedriver
2024-08-12 17:45:02,360 - ERROR - Error in first step for None None on None: Message: 
Stacktrace:
0   undetected_chromedriver             0x0000000105ff2848 undetected_chromedriver + 5179464
1   undetected_chromedriver             0x0000000105fea27a undetected_chromedriver + 5145210
2   undetected_chromedriver             0x0000000105b612b0 undetected_chromedriver + 389808
3   undetected_chromedriver             0x0000000105bad3e1 undetected_chromedriver + 701409
4   undetected_chromedriver             0x0000000105bad691 undetected_chromedriver + 702097
5   undetected_chromedriver             0x0000000105bef464 undetected_chromedriver + 971876
6   undetected_chromedriver             0x0000000105bcf7dd undetected_chromedriver + 841693
7   undetected_chromedriver             0x0000000105becb9b undetected_chromedriver + 961435
8   undetected_chromedriver             0x0000000105bcf553 undetected_chromedriver + 841043
9   undetected_chromedriver             0x0000000105ba07f6 undetected_chromedriver + 649206
10  undetected_chromedriver             0x0000000105ba105e undetected_chromedriver + 651358
11  undetected_chromedriver             0x0000000105fb5ab0 undetected_chromedriver + 4930224
12  undetected_chromedriver             0x0000000105fba9c6 undetected_chromedriver + 4950470
13  undetected_chromedriver             0x0000000105fbb095 undetected_chromedriver + 4952213
14  undetected_chromedriver             0x0000000105f97e79 undetected_chromedriver + 4808313
15  undetected_chromedriver             0x0000000105fbb389 undetected_chromedriver + 4952969
16  undetected_chromedriver             0x0000000105f897d4 undetected_chromedriver + 4749268
17  undetected_chromedriver             0x0000000105fda558 undetected_chromedriver + 5080408
18  undetected_chromedriver             0x0000000105fda717 undetected_chromedriver + 5080855
19  undetected_chromedriver             0x0000000105fe9e5e undetected_chromedriver + 5144158
20  libsystem_pthread.dylib             0x00007ff81b10a4e1 _pthread_start + 125
21  libsystem_pthread.dylib             0x00007ff81b105f6b thread_start + 15

2024-08-12 17:45:02,365 - ERROR - Error occurred while submitting form for None None on None: Message: 
Stacktrace:
0   undetected_chromedriver             0x0000000105ff2848 undetected_chromedriver + 5179464
1   undetected_chromedriver             0x0000000105fea27a undetected_chromedriver + 5145210
2   undetected_chromedriver             0x0000000105b612b0 undetected_chromedriver + 389808
3   undetected_chromedriver             0x0000000105bad3e1 undetected_chromedriver + 701409
4   undetected_chromedriver             0x0000000105bad691 undetected_chromedriver + 702097
5   undetected_chromedriver             0x0000000105bef464 undetected_chromedriver + 971876
6   undetected_chromedriver             0x0000000105bcf7dd undetected_chromedriver + 841693
7   undetected_chromedriver             0x0000000105becb9b undetected_chromedriver + 961435
8   undetected_chromedriver             0x0000000105bcf553 undetected_chromedriver + 841043
9   undetected_chromedriver             0x0000000105ba07f6 undetected_chromedriver + 649206
10  undetected_chromedriver             0x0000000105ba105e undetected_chromedriver + 651358
11  undetected_chromedriver             0x0000000105fb5ab0 undetected_chromedriver + 4930224
12  undetected_chromedriver             0x0000000105fba9c6 undetected_chromedriver + 4950470
13  undetected_chromedriver             0x0000000105fbb095 undetected_chromedriver + 4952213
14  undetected_chromedriver             0x0000000105f97e79 undetected_chromedriver + 4808313
15  undetected_chromedriver             0x0000000105fbb389 undetected_chromedriver + 4952969
16  undetected_chromedriver             0x0000000105f897d4 undetected_chromedriver + 4749268
17  undetected_chromedriver             0x0000000105fda558 undetected_chromedriver + 5080408
18  undetected_chromedriver             0x0000000105fda717 undetected_chromedriver + 5080855
19  undetected_chromedriver             0x0000000105fe9e5e undetected_chromedriver + 5144158
20  libsystem_pthread.dylib             0x00007ff81b10a4e1 _pthread_start + 125
21  libsystem_pthread.dylib             0x00007ff81b105f6b thread_start + 15

2024-08-12 17:45:05,816 - INFO - patching driver executable /Users/eleven23/Library/Application Support/undetected_chromedriver/undetected_chromedriver
2024-08-12 17:45:06,069 - ERROR - Error in first step for None None on None: Message: 
Stacktrace:
0   undetected_chromedriver             0x000000010fc55848 undetected_chromedriver + 5179464
1   undetected_chromedriver             0x000000010fc4d27a undetected_chromedriver + 5145210
2   undetected_chromedriver             0x000000010f7c42b0 undetected_chromedriver + 389808
3   undetected_chromedriver             0x000000010f8103e1 undetected_chromedriver + 701409
4   undetected_chromedriver             0x000000010f810691 undetected_chromedriver + 702097
5   undetected_chromedriver             0x000000010f852464 undetected_chromedriver + 971876
6   undetected_chromedriver             0x000000010f8327dd undetected_chromedriver + 841693
7   undetected_chromedriver             0x000000010f84fb9b undetected_chromedriver + 961435
8   undetected_chromedriver             0x000000010f832553 undetected_chromedriver + 841043
9   undetected_chromedriver             0x000000010f8037f6 undetected_chromedriver + 649206
10  undetected_chromedriver             0x000000010f80405e undetected_chromedriver + 651358
11  undetected_chromedriver             0x000000010fc18ab0 undetected_chromedriver + 4930224
12  undetected_chromedriver             0x000000010fc1d9c6 undetected_chromedriver + 4950470
13  undetected_chromedriver             0x000000010fc1e095 undetected_chromedriver + 4952213
14  undetected_chromedriver             0x000000010fbfae79 undetected_chromedriver + 4808313
15  undetected_chromedriver             0x000000010fc1e389 undetected_chromedriver + 4952969
16  undetected_chromedriver             0x000000010fbec7d4 undetected_chromedriver + 4749268
17  undetected_chromedriver             0x000000010fc3d558 undetected_chromedriver + 5080408
18  undetected_chromedriver             0x000000010fc3d717 undetected_chromedriver + 5080855
19  undetected_chromedriver             0x000000010fc4ce5e undetected_chromedriver + 5144158
20  libsystem_pthread.dylib             0x00007ff81b10a4e1 _pthread_start + 125
21  libsystem_pthread.dylib             0x00007ff81b105f6b thread_start + 15

2024-08-12 17:45:06,105 - ERROR - Error occurred while submitting form for None None on None: Message: 
Stacktrace:
0   undetected_chromedriver             0x000000010fc55848 undetected_chromedriver + 5179464
1   undetected_chromedriver             0x000000010fc4d27a undetected_chromedriver + 5145210
2   undetected_chromedriver             0x000000010f7c42b0 undetected_chromedriver + 389808
3   undetected_chromedriver             0x000000010f8103e1 undetected_chromedriver + 701409
4   undetected_chromedriver             0x000000010f810691 undetected_chromedriver + 702097
5   undetected_chromedriver             0x000000010f852464 undetected_chromedriver + 971876
6   undetected_chromedriver             0x000000010f8327dd undetected_chromedriver + 841693
7   undetected_chromedriver             0x000000010f84fb9b undetected_chromedriver + 961435
8   undetected_chromedriver             0x000000010f832553 undetected_chromedriver + 841043
9   undetected_chromedriver             0x000000010f8037f6 undetected_chromedriver + 649206
10  undetected_chromedriver             0x000000010f80405e undetected_chromedriver + 651358
11  undetected_chromedriver             0x000000010fc18ab0 undetected_chromedriver + 4930224
12  undetected_chromedriver             0x000000010fc1d9c6 undetected_chromedriver + 4950470
13  undetected_chromedriver             0x000000010fc1e095 undetected_chromedriver + 4952213
14  undetected_chromedriver             0x000000010fbfae79 undetected_chromedriver + 4808313
15  undetected_chromedriver             0x000000010fc1e389 undetected_chromedriver + 4952969
16  undetected_chromedriver             0x000000010fbec7d4 undetected_chromedriver + 4749268
17  undetected_chromedriver             0x000000010fc3d558 undetected_chromedriver + 5080408
18  undetected_chromedriver             0x000000010fc3d717 undetected_chromedriver + 5080855
19  undetected_chromedriver             0x000000010fc4ce5e undetected_chromedriver + 5144158
20  libsystem_pthread.dylib             0x00007ff81b10a4e1 _pthread_start + 125
21  libsystem_pthread.dylib             0x00007ff81b105f6b thread_start + 15

2024-08-12 17:45:06,403 - ERROR - Error in first step for None None on None: Message: 
Stacktrace:
0   undetected_chromedriver             0x0000000102b3e848 undetected_chromedriver + 5179464
1   undetected_chromedriver             0x0000000102b3627a undetected_chromedriver + 5145210
2   undetected_chromedriver             0x00000001026ad2b0 undetected_chromedriver + 389808
3   undetected_chromedriver             0x00000001026f93e1 undetected_chromedriver + 701409
4   undetected_chromedriver             0x00000001026f9691 undetected_chromedriver + 702097
5   undetected_chromedriver             0x000000010273b464 undetected_chromedriver + 971876
6   undetected_chromedriver             0x000000010271b7dd undetected_chromedriver + 841693
7   undetected_chromedriver             0x0000000102738b9b undetected_chromedriver + 961435
8   undetected_chromedriver             0x000000010271b553 undetected_chromedriver + 841043
9   undetected_chromedriver             0x00000001026ec7f6 undetected_chromedriver + 649206
10  undetected_chromedriver             0x00000001026ed05e undetected_chromedriver + 651358
11  undetected_chromedriver             0x0000000102b01ab0 undetected_chromedriver + 4930224
12  undetected_chromedriver             0x0000000102b069c6 undetected_chromedriver + 4950470
13  undetected_chromedriver             0x0000000102b07095 undetected_chromedriver + 4952213
14  undetected_chromedriver             0x0000000102ae3e79 undetected_chromedriver + 4808313
15  undetected_chromedriver             0x0000000102b07389 undetected_chromedriver + 4952969
16  undetected_chromedriver             0x0000000102ad57d4 undetected_chromedriver + 4749268
17  undetected_chromedriver             0x0000000102b26558 undetected_chromedriver + 5080408
18  undetected_chromedriver             0x0000000102b26717 undetected_chromedriver + 5080855
19  undetected_chromedriver             0x0000000102b35e5e undetected_chromedriver + 5144158
20  libsystem_pthread.dylib             0x00007ff81b10a4e1 _pthread_start + 125
21  libsystem_pthread.dylib             0x00007ff81b105f6b thread_start + 15

2024-08-12 17:45:06,414 - ERROR - Error occurred while submitting form for None None on None: Message: 
Stacktrace:
0   undetected_chromedriver             0x0000000102b3e848 undetected_chromedriver + 5179464
1   undetected_chromedriver             0x0000000102b3627a undetected_chromedriver + 5145210
2   undetected_chromedriver             0x00000001026ad2b0 undetected_chromedriver + 389808
3   undetected_chromedriver             0x00000001026f93e1 undetected_chromedriver + 701409
4   undetected_chromedriver             0x00000001026f9691 undetected_chromedriver + 702097
5   undetected_chromedriver             0x000000010273b464 undetected_chromedriver + 971876
6   undetected_chromedriver             0x000000010271b7dd undetected_chromedriver + 841693
7   undetected_chromedriver             0x0000000102738b9b undetected_chromedriver + 961435
8   undetected_chromedriver             0x000000010271b553 undetected_chromedriver + 841043
9   undetected_chromedriver             0x00000001026ec7f6 undetected_chromedriver + 649206
10  undetected_chromedriver             0x00000001026ed05e undetected_chromedriver + 651358
11  undetected_chromedriver             0x0000000102b01ab0 undetected_chromedriver + 4930224
12  undetected_chromedriver             0x0000000102b069c6 undetected_chromedriver + 4950470
13  undetected_chromedriver             0x0000000102b07095 undetected_chromedriver + 4952213
14  undetected_chromedriver             0x0000000102ae3e79 undetected_chromedriver + 4808313
15  undetected_chromedriver             0x0000000102b07389 undetected_chromedriver + 4952969
16  undetected_chromedriver             0x0000000102ad57d4 undetected_chromedriver + 4749268
17  undetected_chromedriver             0x0000000102b26558 undetected_chromedriver + 5080408
18  undetected_chromedriver             0x0000000102b26717 undetected_chromedriver + 5080855
19  undetected_chromedriver             0x0000000102b35e5e undetected_chromedriver + 5144158
20  libsystem_pthread.dylib             0x00007ff81b10a4e1 _pthread_start + 125
21  libsystem_pthread.dylib             0x00007ff81b105f6b thread_start + 15

2024-08-12 17:45:09,679 - ERROR - Error in first step for None None on None: Message: 
Stacktrace:
0   undetected_chromedriver             0x000000010d673848 undetected_chromedriver + 5179464
1   undetected_chromedriver             0x000000010d66b27a undetected_chromedriver + 5145210
2   undetected_chromedriver             0x000000010d1e22b0 undetected_chromedriver + 389808
3   undetected_chromedriver             0x000000010d22e3e1 undetected_chromedriver + 701409
4   undetected_chromedriver             0x000000010d22e691 undetected_chromedriver + 702097
5   undetected_chromedriver             0x000000010d270464 undetected_chromedriver + 971876
6   undetected_chromedriver             0x000000010d2507dd undetected_chromedriver + 841693
7   undetected_chromedriver             0x000000010d26db9b undetected_chromedriver + 961435
8   undetected_chromedriver             0x000000010d250553 undetected_chromedriver + 841043
9   undetected_chromedriver             0x000000010d2217f6 undetected_chromedriver + 649206
10  undetected_chromedriver             0x000000010d22205e undetected_chromedriver + 651358
11  undetected_chromedriver             0x000000010d636ab0 undetected_chromedriver + 4930224
12  undetected_chromedriver             0x000000010d63b9c6 undetected_chromedriver + 4950470
13  undetected_chromedriver             0x000000010d63c095 undetected_chromedriver + 4952213
14  undetected_chromedriver             0x000000010d618e79 undetected_chromedriver + 4808313
15  undetected_chromedriver             0x000000010d63c389 undetected_chromedriver + 4952969
16  undetected_chromedriver             0x000000010d60a7d4 undetected_chromedriver + 4749268
17  undetected_chromedriver             0x000000010d65b558 undetected_chromedriver + 5080408
18  undetected_chromedriver             0x000000010d65b717 undetected_chromedriver + 5080855
19  undetected_chromedriver             0x000000010d66ae5e undetected_chromedriver + 5144158
20  libsystem_pthread.dylib             0x00007ff81b10a4e1 _pthread_start + 125
21  libsystem_pthread.dylib             0x00007ff81b105f6b thread_start + 15

2024-08-12 17:45:09,682 - ERROR - Error occurred while submitting form for None None on None: Message: 
Stacktrace:
0   undetected_chromedriver             0x000000010d673848 undetected_chromedriver + 5179464
1   undetected_chromedriver             0x000000010d66b27a undetected_chromedriver + 5145210
2   undetected_chromedriver             0x000000010d1e22b0 undetected_chromedriver + 389808
3   undetected_chromedriver             0x000000010d22e3e1 undetected_chromedriver + 701409
4   undetected_chromedriver             0x000000010d22e691 undetected_chromedriver + 702097
5   undetected_chromedriver             0x000000010d270464 undetected_chromedriver + 971876
6   undetected_chromedriver             0x000000010d2507dd undetected_chromedriver + 841693
7   undetected_chromedriver             0x000000010d26db9b undetected_chromedriver + 961435
8   undetected_chromedriver             0x000000010d250553 undetected_chromedriver + 841043
9   undetected_chromedriver             0x000000010d2217f6 undetected_chromedriver + 649206
10  undetected_chromedriver             0x000000010d22205e undetected_chromedriver + 651358
11  undetected_chromedriver             0x000000010d636ab0 undetected_chromedriver + 4930224
12  undetected_chromedriver             0x000000010d63b9c6 undetected_chromedriver + 4950470
13  undetected_chromedriver             0x000000010d63c095 undetected_chromedriver + 4952213
14  undetected_chromedriver             0x000000010d618e79 undetected_chromedriver + 4808313
15  undetected_chromedriver             0x000000010d63c389 undetected_chromedriver + 4952969
16  undetected_chromedriver             0x000000010d60a7d4 undetected_chromedriver + 4749268
17  undetected_chromedriver             0x000000010d65b558 undetected_chromedriver + 5080408
18  undetected_chromedriver             0x000000010d65b717 undetected_chromedriver + 5080855
19  undetected_chromedriver             0x000000010d66ae5e undetected_chromedriver + 5144158
20  libsystem_pthread.dylib             0x00007ff81b10a4e1 _pthread_start + 125
21  libsystem_pthread.dylib             0x00007ff81b105f6b thread_start + 15

2024-08-12 17:45:10,287 - INFO - patching driver executable /Users/eleven23/Library/Application Support/undetected_chromedriver/undetected_chromedriver
2024-08-12 17:45:12,500 - ERROR - Error in first step for None None on None: Message: 
Stacktrace:
0   undetected_chromedriver             0x000000010dc14848 undetected_chromedriver + 5179464
1   undetected_chromedriver             0x000000010dc0c27a undetected_chromedriver + 5145210
2   undetected_chromedriver             0x000000010d7832b0 undetected_chromedriver + 389808
3   undetected_chromedriver             0x000000010d7cf3e1 undetected_chromedriver + 701409
4   undetected_chromedriver             0x000000010d7cf691 undetected_chromedriver + 702097
5   undetected_chromedriver             0x000000010d811464 undetected_chromedriver + 971876
6   undetected_chromedriver             0x000000010d7f17dd undetected_chromedriver + 841693
7   undetected_chromedriver             0x000000010d80eb9b undetected_chromedriver + 961435
8   undetected_chromedriver             0x000000010d7f1553 undetected_chromedriver + 841043
9   undetected_chromedriver             0x000000010d7c27f6 undetected_chromedriver + 649206
10  undetected_chromedriver             0x000000010d7c305e undetected_chromedriver + 651358
11  undetected_chromedriver             0x000000010dbd7ab0 undetected_chromedriver + 4930224
12  undetected_chromedriver             0x000000010dbdc9c6 undetected_chromedriver + 4950470
13  undetected_chromedriver             0x000000010dbdd095 undetected_chromedriver + 4952213
14  undetected_chromedriver             0x000000010dbb9e79 undetected_chromedriver + 4808313
15  undetected_chromedriver             0x000000010dbdd389 undetected_chromedriver + 4952969
16  undetected_chromedriver             0x000000010dbab7d4 undetected_chromedriver + 4749268
17  undetected_chromedriver             0x000000010dbfc558 undetected_chromedriver + 5080408
18  undetected_chromedriver             0x000000010dbfc717 undetected_chromedriver + 5080855
19  undetected_chromedriver             0x000000010dc0be5e undetected_chromedriver + 5144158
20  libsystem_pthread.dylib             0x00007ff81b10a4e1 _pthread_start + 125
21  libsystem_pthread.dylib             0x00007ff81b105f6b thread_start + 15

2024-08-12 17:45:12,515 - ERROR - Error occurred while submitting form for None None on None: Message: 
Stacktrace:
0   undetected_chromedriver             0x000000010dc14848 undetected_chromedriver + 5179464
1   undetected_chromedriver             0x000000010dc0c27a undetected_chromedriver + 5145210
2   undetected_chromedriver             0x000000010d7832b0 undetected_chromedriver + 389808
3   undetected_chromedriver             0x000000010d7cf3e1 undetected_chromedriver + 701409
4   undetected_chromedriver             0x000000010d7cf691 undetected_chromedriver + 702097
5   undetected_chromedriver             0x000000010d811464 undetected_chromedriver + 971876
6   undetected_chromedriver             0x000000010d7f17dd undetected_chromedriver + 841693
7   undetected_chromedriver             0x000000010d80eb9b undetected_chromedriver + 961435
8   undetected_chromedriver             0x000000010d7f1553 undetected_chromedriver + 841043
9   undetected_chromedriver             0x000000010d7c27f6 undetected_chromedriver + 649206
10  undetected_chromedriver             0x000000010d7c305e undetected_chromedriver + 651358
11  undetected_chromedriver             0x000000010dbd7ab0 undetected_chromedriver + 4930224
12  undetected_chromedriver             0x000000010dbdc9c6 undetected_chromedriver + 4950470
13  undetected_chromedriver             0x000000010dbdd095 undetected_chromedriver + 4952213
14  undetected_chromedriver             0x000000010dbb9e79 undetected_chromedriver + 4808313
15  undetected_chromedriver             0x000000010dbdd389 undetected_chromedriver + 4952969
16  undetected_chromedriver             0x000000010dbab7d4 undetected_chromedriver + 4749268
17  undetected_chromedriver             0x000000010dbfc558 undetected_chromedriver + 5080408
18  undetected_chromedriver             0x000000010dbfc717 undetected_chromedriver + 5080855
19  undetected_chromedriver             0x000000010dc0be5e undetected_chromedriver + 5144158
20  libsystem_pthread.dylib             0x00007ff81b10a4e1 _pthread_start + 125
21  libsystem_pthread.dylib             0x00007ff81b105f6b thread_start + 15

2024-08-12 17:45:16,997 - ERROR - Error in first step for None None on None: Message: 
Stacktrace:
0   undetected_chromedriver             0x000000010b87b848 undetected_chromedriver + 5179464
1   undetected_chromedriver             0x000000010b87327a undetected_chromedriver + 5145210
2   undetected_chromedriver             0x000000010b3ea2b0 undetected_chromedriver + 389808
3   undetected_chromedriver             0x000000010b4363e1 undetected_chromedriver + 701409
4   undetected_chromedriver             0x000000010b436691 undetected_chromedriver + 702097
5   undetected_chromedriver             0x000000010b478464 undetected_chromedriver + 971876
6   undetected_chromedriver             0x000000010b4587dd undetected_chromedriver + 841693
7   undetected_chromedriver             0x000000010b475b9b undetected_chromedriver + 961435
8   undetected_chromedriver             0x000000010b458553 undetected_chromedriver + 841043
9   undetected_chromedriver             0x000000010b4297f6 undetected_chromedriver + 649206
10  undetected_chromedriver             0x000000010b42a05e undetected_chromedriver + 651358
11  undetected_chromedriver             0x000000010b83eab0 undetected_chromedriver + 4930224
12  undetected_chromedriver             0x000000010b8439c6 undetected_chromedriver + 4950470
13  undetected_chromedriver             0x000000010b844095 undetected_chromedriver + 4952213
14  undetected_chromedriver             0x000000010b820e79 undetected_chromedriver + 4808313
15  undetected_chromedriver             0x000000010b844389 undetected_chromedriver + 4952969
16  undetected_chromedriver             0x000000010b8127d4 undetected_chromedriver + 4749268
17  undetected_chromedriver             0x000000010b863558 undetected_chromedriver + 5080408
18  undetected_chromedriver             0x000000010b863717 undetected_chromedriver + 5080855
19  undetected_chromedriver             0x000000010b872e5e undetected_chromedriver + 5144158
20  libsystem_pthread.dylib             0x00007ff81b10a4e1 _pthread_start + 125
21  libsystem_pthread.dylib             0x00007ff81b105f6b thread_start + 15

2024-08-12 17:45:17,029 - ERROR - Error occurred while submitting form for None None on None: Message: 
Stacktrace:
0   undetected_chromedriver             0x000000010b87b848 undetected_chromedriver + 5179464
1   undetected_chromedriver             0x000000010b87327a undetected_chromedriver + 5145210
2   undetected_chromedriver             0x000000010b3ea2b0 undetected_chromedriver + 389808
3   undetected_chromedriver             0x000000010b4363e1 undetected_chromedriver + 701409
4   undetected_chromedriver             0x000000010b436691 undetected_chromedriver + 702097
5   undetected_chromedriver             0x000000010b478464 undetected_chromedriver + 971876
6   undetected_chromedriver             0x000000010b4587dd undetected_chromedriver + 841693
7   undetected_chromedriver             0x000000010b475b9b undetected_chromedriver + 961435
8   undetected_chromedriver             0x000000010b458553 undetected_chromedriver + 841043
9   undetected_chromedriver             0x000000010b4297f6 undetected_chromedriver + 649206
10  undetected_chromedriver             0x000000010b42a05e undetected_chromedriver + 651358
11  undetected_chromedriver             0x000000010b83eab0 undetected_chromedriver + 4930224
12  undetected_chromedriver             0x000000010b8439c6 undetected_chromedriver + 4950470
13  undetected_chromedriver             0x000000010b844095 undetected_chromedriver + 4952213
14  undetected_chromedriver             0x000000010b820e79 undetected_chromedriver + 4808313
15  undetected_chromedriver             0x000000010b844389 undetected_chromedriver + 4952969
16  undetected_chromedriver             0x000000010b8127d4 undetected_chromedriver + 4749268
17  undetected_chromedriver             0x000000010b863558 undetected_chromedriver + 5080408
18  undetected_chromedriver             0x000000010b863717 undetected_chromedriver + 5080855
19  undetected_chromedriver             0x000000010b872e5e undetected_chromedriver + 5144158
20  libsystem_pthread.dylib             0x00007ff81b10a4e1 _pthread_start + 125
21  libsystem_pthread.dylib             0x00007ff81b105f6b thread_start + 15

2024-08-12 17:45:19,155 - INFO - patching driver executable /Users/eleven23/Library/Application Support/undetected_chromedriver/undetected_chromedriver
2024-08-12 17:45:19,562 - ERROR - Error in first step for None None on None: Message: 
Stacktrace:
0   undetected_chromedriver             0x000000010a754848 undetected_chromedriver + 5179464
1   undetected_chromedriver             0x000000010a74c27a undetected_chromedriver + 5145210
2   undetected_chromedriver             0x000000010a2c32b0 undetected_chromedriver + 389808
3   undetected_chromedriver             0x000000010a30f3e1 undetected_chromedriver + 701409
4   undetected_chromedriver             0x000000010a30f691 undetected_chromedriver + 702097
5   undetected_chromedriver             0x000000010a351464 undetected_chromedriver + 971876
6   undetected_chromedriver             0x000000010a3317dd undetected_chromedriver + 841693
7   undetected_chromedriver             0x000000010a34eb9b undetected_chromedriver + 961435
8   undetected_chromedriver             0x000000010a331553 undetected_chromedriver + 841043
9   undetected_chromedriver             0x000000010a3027f6 undetected_chromedriver + 649206
10  undetected_chromedriver             0x000000010a30305e undetected_chromedriver + 651358
11  undetected_chromedriver             0x000000010a717ab0 undetected_chromedriver + 4930224
12  undetected_chromedriver             0x000000010a71c9c6 undetected_chromedriver + 4950470
13  undetected_chromedriver             0x000000010a71d095 undetected_chromedriver + 4952213
14  undetected_chromedriver             0x000000010a6f9e79 undetected_chromedriver + 4808313
15  undetected_chromedriver             0x000000010a71d389 undetected_chromedriver + 4952969
16  undetected_chromedriver             0x000000010a6eb7d4 undetected_chromedriver + 4749268
17  undetected_chromedriver             0x000000010a73c558 undetected_chromedriver + 5080408
18  undetected_chromedriver             0x000000010a73c717 undetected_chromedriver + 5080855
19  undetected_chromedriver             0x000000010a74be5e undetected_chromedriver + 5144158
20  libsystem_pthread.dylib             0x00007ff81b10a4e1 _pthread_start + 125
21  libsystem_pthread.dylib             0x00007ff81b105f6b thread_start + 15

2024-08-12 17:45:19,572 - ERROR - Error occurred while submitting form for None None on None: Message: 
Stacktrace:
0   undetected_chromedriver             0x000000010a754848 undetected_chromedriver + 5179464
1   undetected_chromedriver             0x000000010a74c27a undetected_chromedriver + 5145210
2   undetected_chromedriver             0x000000010a2c32b0 undetected_chromedriver + 389808
3   undetected_chromedriver             0x000000010a30f3e1 undetected_chromedriver + 701409
4   undetected_chromedriver             0x000000010a30f691 undetected_chromedriver + 702097
5   undetected_chromedriver             0x000000010a351464 undetected_chromedriver + 971876
6   undetected_chromedriver             0x000000010a3317dd undetected_chromedriver + 841693
7   undetected_chromedriver             0x000000010a34eb9b undetected_chromedriver + 961435
8   undetected_chromedriver             0x000000010a331553 undetected_chromedriver + 841043
9   undetected_chromedriver             0x000000010a3027f6 undetected_chromedriver + 649206
10  undetected_chromedriver             0x000000010a30305e undetected_chromedriver + 651358
11  undetected_chromedriver             0x000000010a717ab0 undetected_chromedriver + 4930224
12  undetected_chromedriver             0x000000010a71c9c6 undetected_chromedriver + 4950470
13  undetected_chromedriver             0x000000010a71d095 undetected_chromedriver + 4952213
14  undetected_chromedriver             0x000000010a6f9e79 undetected_chromedriver + 4808313
15  undetected_chromedriver             0x000000010a71d389 undetected_chromedriver + 4952969
16  undetected_chromedriver             0x000000010a6eb7d4 undetected_chromedriver + 4749268
17  undetected_chromedriver             0x000000010a73c558 undetected_chromedriver + 5080408
18  undetected_chromedriver             0x000000010a73c717 undetected_chromedriver + 5080855
19  undetected_chromedriver             0x000000010a74be5e undetected_chromedriver + 5144158
20  libsystem_pthread.dylib             0x00007ff81b10a4e1 _pthread_start + 125
21  libsystem_pthread.dylib             0x00007ff81b105f6b thread_start + 15

2024-08-12 17:45:22,275 - ERROR - Error in first step for None None on None: Message: 
Stacktrace:
0   undetected_chromedriver             0x0000000102b3e848 undetected_chromedriver + 5179464
1   undetected_chromedriver             0x0000000102b3627a undetected_chromedriver + 5145210
2   undetected_chromedriver             0x00000001026ad2b0 undetected_chromedriver + 389808
3   undetected_chromedriver             0x00000001026f93e1 undetected_chromedriver + 701409
4   undetected_chromedriver             0x00000001026f9691 undetected_chromedriver + 702097
5   undetected_chromedriver             0x000000010273b464 undetected_chromedriver + 971876
6   undetected_chromedriver             0x000000010271b7dd undetected_chromedriver + 841693
7   undetected_chromedriver             0x0000000102738b9b undetected_chromedriver + 961435
8   undetected_chromedriver             0x000000010271b553 undetected_chromedriver + 841043
9   undetected_chromedriver             0x00000001026ec7f6 undetected_chromedriver + 649206
10  undetected_chromedriver             0x00000001026ed05e undetected_chromedriver + 651358
11  undetected_chromedriver             0x0000000102b01ab0 undetected_chromedriver + 4930224
12  undetected_chromedriver             0x0000000102b069c6 undetected_chromedriver + 4950470
13  undetected_chromedriver             0x0000000102b07095 undetected_chromedriver + 4952213
14  undetected_chromedriver             0x0000000102ae3e79 undetected_chromedriver + 4808313
15  undetected_chromedriver             0x0000000102b07389 undetected_chromedriver + 4952969
16  undetected_chromedriver             0x0000000102ad57d4 undetected_chromedriver + 4749268
17  undetected_chromedriver             0x0000000102b26558 undetected_chromedriver + 5080408
18  undetected_chromedriver             0x0000000102b26717 undetected_chromedriver + 5080855
19  undetected_chromedriver             0x0000000102b35e5e undetected_chromedriver + 5144158
20  libsystem_pthread.dylib             0x00007ff81b10a4e1 _pthread_start + 125
21  libsystem_pthread.dylib             0x00007ff81b105f6b thread_start + 15

2024-08-12 17:45:22,288 - ERROR - Error occurred while submitting form for None None on None: Message: 
Stacktrace:
0   undetected_chromedriver             0x0000000102b3e848 undetected_chromedriver + 5179464
1   undetected_chromedriver             0x0000000102b3627a undetected_chromedriver + 5145210
2   undetected_chromedriver             0x00000001026ad2b0 undetected_chromedriver + 389808
3   undetected_chromedriver             0x00000001026f93e1 undetected_chromedriver + 701409
4   undetected_chromedriver             0x00000001026f9691 undetected_chromedriver + 702097
5   undetected_chromedriver             0x000000010273b464 undetected_chromedriver + 971876
6   undetected_chromedriver             0x000000010271b7dd undetected_chromedriver + 841693
7   undetected_chromedriver             0x0000000102738b9b undetected_chromedriver + 961435
8   undetected_chromedriver             0x000000010271b553 undetected_chromedriver + 841043
9   undetected_chromedriver             0x00000001026ec7f6 undetected_chromedriver + 649206
10  undetected_chromedriver             0x00000001026ed05e undetected_chromedriver + 651358
11  undetected_chromedriver             0x0000000102b01ab0 undetected_chromedriver + 4930224
12  undetected_chromedriver             0x0000000102b069c6 undetected_chromedriver + 4950470
13  undetected_chromedriver             0x0000000102b07095 undetected_chromedriver + 4952213
14  undetected_chromedriver             0x0000000102ae3e79 undetected_chromedriver + 4808313
15  undetected_chromedriver             0x0000000102b07389 undetected_chromedriver + 4952969
16  undetected_chromedriver             0x0000000102ad57d4 undetected_chromedriver + 4749268
17  undetected_chromedriver             0x0000000102b26558 undetected_chromedriver + 5080408
18  undetected_chromedriver             0x0000000102b26717 undetected_chromedriver + 5080855
19  undetected_chromedriver             0x0000000102b35e5e undetected_chromedriver + 5144158
20  libsystem_pthread.dylib             0x00007ff81b10a4e1 _pthread_start + 125
21  libsystem_pthread.dylib             0x00007ff81b105f6b thread_start + 15

2024-08-12 17:45:24,906 - ERROR - Error occurred while submitting form for None None on None: Message: 
Stacktrace:
0   undetected_chromedriver             0x0000000102658848 undetected_chromedriver + 5179464
1   undetected_chromedriver             0x000000010265027a undetected_chromedriver + 5145210
2   undetected_chromedriver             0x00000001021c72b0 undetected_chromedriver + 389808
3   undetected_chromedriver             0x00000001022133e1 undetected_chromedriver + 701409
4   undetected_chromedriver             0x0000000102213691 undetected_chromedriver + 702097
5   undetected_chromedriver             0x0000000102255464 undetected_chromedriver + 971876
6   undetected_chromedriver             0x00000001022357dd undetected_chromedriver + 841693
7   undetected_chromedriver             0x0000000102252b9b undetected_chromedriver + 961435
8   undetected_chromedriver             0x0000000102235553 undetected_chromedriver + 841043
9   undetected_chromedriver             0x00000001022067f6 undetected_chromedriver + 649206
10  undetected_chromedriver             0x000000010220705e undetected_chromedriver + 651358
11  undetected_chromedriver             0x000000010261bab0 undetected_chromedriver + 4930224
12  undetected_chromedriver             0x00000001026209c6 undetected_chromedriver + 4950470
13  undetected_chromedriver             0x0000000102621095 undetected_chromedriver + 4952213
14  undetected_chromedriver             0x00000001025fde79 undetected_chromedriver + 4808313
15  undetected_chromedriver             0x0000000102621389 undetected_chromedriver + 4952969
16  undetected_chromedriver             0x00000001025ef7d4 undetected_chromedriver + 4749268
17  undetected_chromedriver             0x0000000102640558 undetected_chromedriver + 5080408
18  undetected_chromedriver             0x0000000102640717 undetected_chromedriver + 5080855
19  undetected_chromedriver             0x000000010264fe5e undetected_chromedriver + 5144158
20  libsystem_pthread.dylib             0x00007ff81b10a4e1 _pthread_start + 125
21  libsystem_pthread.dylib             0x00007ff81b105f6b thread_start + 15

2024-08-12 17:45:25,712 - ERROR - Error in first step for None None on None: Message: 
Stacktrace:
0   undetected_chromedriver             0x000000010d673848 undetected_chromedriver + 5179464
1   undetected_chromedriver             0x000000010d66b27a undetected_chromedriver + 5145210
2   undetected_chromedriver             0x000000010d1e22b0 undetected_chromedriver + 389808
3   undetected_chromedriver             0x000000010d22e3e1 undetected_chromedriver + 701409
4   undetected_chromedriver             0x000000010d22e691 undetected_chromedriver + 702097
5   undetected_chromedriver             0x000000010d270464 undetected_chromedriver + 971876
6   undetected_chromedriver             0x000000010d2507dd undetected_chromedriver + 841693
7   undetected_chromedriver             0x000000010d26db9b undetected_chromedriver + 961435
8   undetected_chromedriver             0x000000010d250553 undetected_chromedriver + 841043
9   undetected_chromedriver             0x000000010d2217f6 undetected_chromedriver + 649206
10  undetected_chromedriver             0x000000010d22205e undetected_chromedriver + 651358
11  undetected_chromedriver             0x000000010d636ab0 undetected_chromedriver + 4930224
12  undetected_chromedriver             0x000000010d63b9c6 undetected_chromedriver + 4950470
13  undetected_chromedriver             0x000000010d63c095 undetected_chromedriver + 4952213
14  undetected_chromedriver             0x000000010d618e79 undetected_chromedriver + 4808313
15  undetected_chromedriver             0x000000010d63c389 undetected_chromedriver + 4952969
16  undetected_chromedriver             0x000000010d60a7d4 undetected_chromedriver + 4749268
17  undetected_chromedriver             0x000000010d65b558 undetected_chromedriver + 5080408
18  undetected_chromedriver             0x000000010d65b717 undetected_chromedriver + 5080855
19  undetected_chromedriver             0x000000010d66ae5e undetected_chromedriver + 5144158
20  libsystem_pthread.dylib             0x00007ff81b10a4e1 _pthread_start + 125
21  libsystem_pthread.dylib             0x00007ff81b105f6b thread_start + 15

2024-08-12 17:45:25,734 - ERROR - Error occurred while submitting form for None None on None: Message: 
Stacktrace:
0   undetected_chromedriver             0x000000010d673848 undetected_chromedriver + 5179464
1   undetected_chromedriver             0x000000010d66b27a undetected_chromedriver + 5145210
2   undetected_chromedriver             0x000000010d1e22b0 undetected_chromedriver + 389808
3   undetected_chromedriver             0x000000010d22e3e1 undetected_chromedriver + 701409
4   undetected_chromedriver             0x000000010d22e691 undetected_chromedriver + 702097
5   undetected_chromedriver             0x000000010d270464 undetected_chromedriver + 971876
6   undetected_chromedriver             0x000000010d2507dd undetected_chromedriver + 841693
7   undetected_chromedriver             0x000000010d26db9b undetected_chromedriver + 961435
8   undetected_chromedriver             0x000000010d250553 undetected_chromedriver + 841043
9   undetected_chromedriver             0x000000010d2217f6 undetected_chromedriver + 649206
10  undetected_chromedriver             0x000000010d22205e undetected_chromedriver + 651358
11  undetected_chromedriver             0x000000010d636ab0 undetected_chromedriver + 4930224
12  undetected_chromedriver             0x000000010d63b9c6 undetected_chromedriver + 4950470
13  undetected_chromedriver             0x000000010d63c095 undetected_chromedriver + 4952213
14  undetected_chromedriver             0x000000010d618e79 undetected_chromedriver + 4808313
15  undetected_chromedriver             0x000000010d63c389 undetected_chromedriver + 4952969
16  undetected_chromedriver             0x000000010d60a7d4 undetected_chromedriver + 4749268
17  undetected_chromedriver             0x000000010d65b558 undetected_chromedriver + 5080408
18  undetected_chromedriver             0x000000010d65b717 undetected_chromedriver + 5080855
19  undetected_chromedriver             0x000000010d66ae5e undetected_chromedriver + 5144158
20  libsystem_pthread.dylib             0x00007ff81b10a4e1 _pthread_start + 125
21  libsystem_pthread.dylib             0x00007ff81b105f6b thread_start + 15

2024-08-12 17:45:28,518 - ERROR - Error in first step for None None on None: Message: 
Stacktrace:
0   undetected_chromedriver             0x000000010dc14848 undetected_chromedriver + 5179464
1   undetected_chromedriver             0x000000010dc0c27a undetected_chromedriver + 5145210
2   undetected_chromedriver             0x000000010d7832b0 undetected_chromedriver + 389808
3   undetected_chromedriver             0x000000010d7cf3e1 undetected_chromedriver + 701409
4   undetected_chromedriver             0x000000010d7cf691 undetected_chromedriver + 702097
5   undetected_chromedriver             0x000000010d811464 undetected_chromedriver + 971876
6   undetected_chromedriver             0x000000010d7f17dd undetected_chromedriver + 841693
7   undetected_chromedriver             0x000000010d80eb9b undetected_chromedriver + 961435
8   undetected_chromedriver             0x000000010d7f1553 undetected_chromedriver + 841043
9   undetected_chromedriver             0x000000010d7c27f6 undetected_chromedriver + 649206
10  undetected_chromedriver             0x000000010d7c305e undetected_chromedriver + 651358
11  undetected_chromedriver             0x000000010dbd7ab0 undetected_chromedriver + 4930224
12  undetected_chromedriver             0x000000010dbdc9c6 undetected_chromedriver + 4950470
13  undetected_chromedriver             0x000000010dbdd095 undetected_chromedriver + 4952213
14  undetected_chromedriver             0x000000010dbb9e79 undetected_chromedriver + 4808313
15  undetected_chromedriver             0x000000010dbdd389 undetected_chromedriver + 4952969
16  undetected_chromedriver             0x000000010dbab7d4 undetected_chromedriver + 4749268
17  undetected_chromedriver             0x000000010dbfc558 undetected_chromedriver + 5080408
18  undetected_chromedriver             0x000000010dbfc717 undetected_chromedriver + 5080855
19  undetected_chromedriver             0x000000010dc0be5e undetected_chromedriver + 5144158
20  libsystem_pthread.dylib             0x00007ff81b10a4e1 _pthread_start + 125
21  libsystem_pthread.dylib             0x00007ff81b105f6b thread_start + 15

2024-08-12 17:45:28,526 - ERROR - Error occurred while submitting form for None None on None: Message: 
Stacktrace:
0   undetected_chromedriver             0x000000010dc14848 undetected_chromedriver + 5179464
1   undetected_chromedriver             0x000000010dc0c27a undetected_chromedriver + 5145210
2   undetected_chromedriver             0x000000010d7832b0 undetected_chromedriver + 389808
3   undetected_chromedriver             0x000000010d7cf3e1 undetected_chromedriver + 701409
4   undetected_chromedriver             0x000000010d7cf691 undetected_chromedriver + 702097
5   undetected_chromedriver             0x000000010d811464 undetected_chromedriver + 971876
6   undetected_chromedriver             0x000000010d7f17dd undetected_chromedriver + 841693
7   undetected_chromedriver             0x000000010d80eb9b undetected_chromedriver + 961435
8   undetected_chromedriver             0x000000010d7f1553 undetected_chromedriver + 841043
9   undetected_chromedriver             0x000000010d7c27f6 undetected_chromedriver + 649206
10  undetected_chromedriver             0x000000010d7c305e undetected_chromedriver + 651358
11  undetected_chromedriver             0x000000010dbd7ab0 undetected_chromedriver + 4930224
12  undetected_chromedriver             0x000000010dbdc9c6 undetected_chromedriver + 4950470
13  undetected_chromedriver             0x000000010dbdd095 undetected_chromedriver + 4952213
14  undetected_chromedriver             0x000000010dbb9e79 undetected_chromedriver + 4808313
15  undetected_chromedriver             0x000000010dbdd389 undetected_chromedriver + 4952969
16  undetected_chromedriver             0x000000010dbab7d4 undetected_chromedriver + 4749268
17  undetected_chromedriver             0x000000010dbfc558 undetected_chromedriver + 5080408
18  undetected_chromedriver             0x000000010dbfc717 undetected_chromedriver + 5080855
19  undetected_chromedriver             0x000000010dc0be5e undetected_chromedriver + 5144158
20  libsystem_pthread.dylib             0x00007ff81b10a4e1 _pthread_start + 125
21  libsystem_pthread.dylib             0x00007ff81b105f6b thread_start + 15

2024-08-12 17:45:29,984 - ERROR - Error occurred while submitting form for None None on None: Message: 
Stacktrace:
0   undetected_chromedriver             0x000000010812b848 undetected_chromedriver + 5179464
1   undetected_chromedriver             0x000000010812327a undetected_chromedriver + 5145210
2   undetected_chromedriver             0x0000000107c9a2b0 undetected_chromedriver + 389808
3   undetected_chromedriver             0x0000000107ce63e1 undetected_chromedriver + 701409
4   undetected_chromedriver             0x0000000107ce6691 undetected_chromedriver + 702097
5   undetected_chromedriver             0x0000000107d28464 undetected_chromedriver + 971876
6   undetected_chromedriver             0x0000000107d087dd undetected_chromedriver + 841693
7   undetected_chromedriver             0x0000000107d25b9b undetected_chromedriver + 961435
8   undetected_chromedriver             0x0000000107d08553 undetected_chromedriver + 841043
9   undetected_chromedriver             0x0000000107cd97f6 undetected_chromedriver + 649206
10  undetected_chromedriver             0x0000000107cda05e undetected_chromedriver + 651358
11  undetected_chromedriver             0x00000001080eeab0 undetected_chromedriver + 4930224
12  undetected_chromedriver             0x00000001080f39c6 undetected_chromedriver + 4950470
13  undetected_chromedriver             0x00000001080f4095 undetected_chromedriver + 4952213
14  undetected_chromedriver             0x00000001080d0e79 undetected_chromedriver + 4808313
15  undetected_chromedriver             0x00000001080f4389 undetected_chromedriver + 4952969
16  undetected_chromedriver             0x00000001080c27d4 undetected_chromedriver + 4749268
17  undetected_chromedriver             0x0000000108113558 undetected_chromedriver + 5080408
18  undetected_chromedriver             0x0000000108113717 undetected_chromedriver + 5080855
19  undetected_chromedriver             0x0000000108122e5e undetected_chromedriver + 5144158
20  libsystem_pthread.dylib             0x00007ff81b10a4e1 _pthread_start + 125
21  libsystem_pthread.dylib             0x00007ff81b105f6b thread_start + 15

2024-08-12 17:45:31,148 - INFO - patching driver executable /Users/eleven23/Library/Application Support/undetected_chromedriver/undetected_chromedriver
2024-08-12 17:45:33,118 - ERROR - Error in first step for None None on None: Message: 
Stacktrace:
0   undetected_chromedriver             0x000000010b87b848 undetected_chromedriver + 5179464
1   undetected_chromedriver             0x000000010b87327a undetected_chromedriver + 5145210
2   undetected_chromedriver             0x000000010b3ea2b0 undetected_chromedriver + 389808
3   undetected_chromedriver             0x000000010b4363e1 undetected_chromedriver + 701409
4   undetected_chromedriver             0x000000010b436691 undetected_chromedriver + 702097
5   undetected_chromedriver             0x000000010b478464 undetected_chromedriver + 971876
6   undetected_chromedriver             0x000000010b4587dd undetected_chromedriver + 841693
7   undetected_chromedriver             0x000000010b475b9b undetected_chromedriver + 961435
8   undetected_chromedriver             0x000000010b458553 undetected_chromedriver + 841043
9   undetected_chromedriver             0x000000010b4297f6 undetected_chromedriver + 649206
10  undetected_chromedriver             0x000000010b42a05e undetected_chromedriver + 651358
11  undetected_chromedriver             0x000000010b83eab0 undetected_chromedriver + 4930224
12  undetected_chromedriver             0x000000010b8439c6 undetected_chromedriver + 4950470
13  undetected_chromedriver             0x000000010b844095 undetected_chromedriver + 4952213
14  undetected_chromedriver             0x000000010b820e79 undetected_chromedriver + 4808313
15  undetected_chromedriver             0x000000010b844389 undetected_chromedriver + 4952969
16  undetected_chromedriver             0x000000010b8127d4 undetected_chromedriver + 4749268
17  undetected_chromedriver             0x000000010b863558 undetected_chromedriver + 5080408
18  undetected_chromedriver             0x000000010b863717 undetected_chromedriver + 5080855
19  undetected_chromedriver             0x000000010b872e5e undetected_chromedriver + 5144158
20  libsystem_pthread.dylib             0x00007ff81b10a4e1 _pthread_start + 125
21  libsystem_pthread.dylib             0x00007ff81b105f6b thread_start + 15

2024-08-12 17:45:33,169 - ERROR - Error occurred while submitting form for None None on None: Message: 
Stacktrace:
0   undetected_chromedriver             0x000000010b87b848 undetected_chromedriver + 5179464
1   undetected_chromedriver             0x000000010b87327a undetected_chromedriver + 5145210
2   undetected_chromedriver             0x000000010b3ea2b0 undetected_chromedriver + 389808
3   undetected_chromedriver             0x000000010b4363e1 undetected_chromedriver + 701409
4   undetected_chromedriver             0x000000010b436691 undetected_chromedriver + 702097
5   undetected_chromedriver             0x000000010b478464 undetected_chromedriver + 971876
6   undetected_chromedriver             0x000000010b4587dd undetected_chromedriver + 841693
7   undetected_chromedriver             0x000000010b475b9b undetected_chromedriver + 961435
8   undetected_chromedriver             0x000000010b458553 undetected_chromedriver + 841043
9   undetected_chromedriver             0x000000010b4297f6 undetected_chromedriver + 649206
10  undetected_chromedriver             0x000000010b42a05e undetected_chromedriver + 651358
11  undetected_chromedriver             0x000000010b83eab0 undetected_chromedriver + 4930224
12  undetected_chromedriver             0x000000010b8439c6 undetected_chromedriver + 4950470
13  undetected_chromedriver             0x000000010b844095 undetected_chromedriver + 4952213
14  undetected_chromedriver             0x000000010b820e79 undetected_chromedriver + 4808313
15  undetected_chromedriver             0x000000010b844389 undetected_chromedriver + 4952969
16  undetected_chromedriver             0x000000010b8127d4 undetected_chromedriver + 4749268
17  undetected_chromedriver             0x000000010b863558 undetected_chromedriver + 5080408
18  undetected_chromedriver             0x000000010b863717 undetected_chromedriver + 5080855
19  undetected_chromedriver             0x000000010b872e5e undetected_chromedriver + 5144158
20  libsystem_pthread.dylib             0x00007ff81b10a4e1 _pthread_start + 125
21  libsystem_pthread.dylib             0x00007ff81b105f6b thread_start + 15

2024-08-12 17:45:35,677 - ERROR - Error in first step for None None on None: Message: 
Stacktrace:
0   undetected_chromedriver             0x000000010a754848 undetected_chromedriver + 5179464
1   undetected_chromedriver             0x000000010a74c27a undetected_chromedriver + 5145210
2   undetected_chromedriver             0x000000010a2c32b0 undetected_chromedriver + 389808
3   undetected_chromedriver             0x000000010a30f3e1 undetected_chromedriver + 701409
4   undetected_chromedriver             0x000000010a30f691 undetected_chromedriver + 702097
5   undetected_chromedriver             0x000000010a351464 undetected_chromedriver + 971876
6   undetected_chromedriver             0x000000010a3317dd undetected_chromedriver + 841693
7   undetected_chromedriver             0x000000010a34eb9b undetected_chromedriver + 961435
8   undetected_chromedriver             0x000000010a331553 undetected_chromedriver + 841043
9   undetected_chromedriver             0x000000010a3027f6 undetected_chromedriver + 649206
10  undetected_chromedriver             0x000000010a30305e undetected_chromedriver + 651358
11  undetected_chromedriver             0x000000010a717ab0 undetected_chromedriver + 4930224
12  undetected_chromedriver             0x000000010a71c9c6 undetected_chromedriver + 4950470
13  undetected_chromedriver             0x000000010a71d095 undetected_chromedriver + 4952213
14  undetected_chromedriver             0x000000010a6f9e79 undetected_chromedriver + 4808313
15  undetected_chromedriver             0x000000010a71d389 undetected_chromedriver + 4952969
16  undetected_chromedriver             0x000000010a6eb7d4 undetected_chromedriver + 4749268
17  undetected_chromedriver             0x000000010a73c558 undetected_chromedriver + 5080408
18  undetected_chromedriver             0x000000010a73c717 undetected_chromedriver + 5080855
19  undetected_chromedriver             0x000000010a74be5e undetected_chromedriver + 5144158
20  libsystem_pthread.dylib             0x00007ff81b10a4e1 _pthread_start + 125
21  libsystem_pthread.dylib             0x00007ff81b105f6b thread_start + 15

2024-08-12 17:45:35,687 - ERROR - Error occurred while submitting form for None None on None: Message: 
Stacktrace:
0   undetected_chromedriver             0x000000010a754848 undetected_chromedriver + 5179464
1   undetected_chromedriver             0x000000010a74c27a undetected_chromedriver + 5145210
2   undetected_chromedriver             0x000000010a2c32b0 undetected_chromedriver + 389808
3   undetected_chromedriver             0x000000010a30f3e1 undetected_chromedriver + 701409
4   undetected_chromedriver             0x000000010a30f691 undetected_chromedriver + 702097
5   undetected_chromedriver             0x000000010a351464 undetected_chromedriver + 971876
6   undetected_chromedriver             0x000000010a3317dd undetected_chromedriver + 841693
7   undetected_chromedriver             0x000000010a34eb9b undetected_chromedriver + 961435
8   undetected_chromedriver             0x000000010a331553 undetected_chromedriver + 841043
9   undetected_chromedriver             0x000000010a3027f6 undetected_chromedriver + 649206
10  undetected_chromedriver             0x000000010a30305e undetected_chromedriver + 651358
11  undetected_chromedriver             0x000000010a717ab0 undetected_chromedriver + 4930224
12  undetected_chromedriver             0x000000010a71c9c6 undetected_chromedriver + 4950470
13  undetected_chromedriver             0x000000010a71d095 undetected_chromedriver + 4952213
14  undetected_chromedriver             0x000000010a6f9e79 undetected_chromedriver + 4808313
15  undetected_chromedriver             0x000000010a71d389 undetected_chromedriver + 4952969
16  undetected_chromedriver             0x000000010a6eb7d4 undetected_chromedriver + 4749268
17  undetected_chromedriver             0x000000010a73c558 undetected_chromedriver + 5080408
18  undetected_chromedriver             0x000000010a73c717 undetected_chromedriver + 5080855
19  undetected_chromedriver             0x000000010a74be5e undetected_chromedriver + 5144158
20  libsystem_pthread.dylib             0x00007ff81b10a4e1 _pthread_start + 125
21  libsystem_pthread.dylib             0x00007ff81b105f6b thread_start + 15

2024-08-12 17:45:38,599 - INFO - patching driver executable /Users/eleven23/Library/Application Support/undetected_chromedriver/undetected_chromedriver
2024-08-12 17:45:39,771 - ERROR - Error occurred while submitting form for None None on None: Message: 
Stacktrace:
0   undetected_chromedriver             0x000000010c44a848 undetected_chromedriver + 5179464
1   undetected_chromedriver             0x000000010c44227a undetected_chromedriver + 5145210
2   undetected_chromedriver             0x000000010bfb92b0 undetected_chromedriver + 389808
3   undetected_chromedriver             0x000000010c0053e1 undetected_chromedriver + 701409
4   undetected_chromedriver             0x000000010c005691 undetected_chromedriver + 702097
5   undetected_chromedriver             0x000000010c047464 undetected_chromedriver + 971876
6   undetected_chromedriver             0x000000010c0277dd undetected_chromedriver + 841693
7   undetected_chromedriver             0x000000010c044b9b undetected_chromedriver + 961435
8   undetected_chromedriver             0x000000010c027553 undetected_chromedriver + 841043
9   undetected_chromedriver             0x000000010bff87f6 undetected_chromedriver + 649206
10  undetected_chromedriver             0x000000010bff905e undetected_chromedriver + 651358
11  undetected_chromedriver             0x000000010c40dab0 undetected_chromedriver + 4930224
12  undetected_chromedriver             0x000000010c4129c6 undetected_chromedriver + 4950470
13  undetected_chromedriver             0x000000010c413095 undetected_chromedriver + 4952213
14  undetected_chromedriver             0x000000010c3efe79 undetected_chromedriver + 4808313
15  undetected_chromedriver             0x000000010c413389 undetected_chromedriver + 4952969
16  undetected_chromedriver             0x000000010c3e17d4 undetected_chromedriver + 4749268
17  undetected_chromedriver             0x000000010c432558 undetected_chromedriver + 5080408
18  undetected_chromedriver             0x000000010c432717 undetected_chromedriver + 5080855
19  undetected_chromedriver             0x000000010c441e5e undetected_chromedriver + 5144158
20  libsystem_pthread.dylib             0x00007ff81b10a4e1 _pthread_start + 125
21  libsystem_pthread.dylib             0x00007ff81b105f6b thread_start + 15

2024-08-12 17:45:41,241 - ERROR - Error occurred while submitting form for None None on None: Message: 
Stacktrace:
0   undetected_chromedriver             0x0000000102658848 undetected_chromedriver + 5179464
1   undetected_chromedriver             0x000000010265027a undetected_chromedriver + 5145210
2   undetected_chromedriver             0x00000001021c72b0 undetected_chromedriver + 389808
3   undetected_chromedriver             0x00000001022133e1 undetected_chromedriver + 701409
4   undetected_chromedriver             0x0000000102213691 undetected_chromedriver + 702097
5   undetected_chromedriver             0x0000000102255464 undetected_chromedriver + 971876
6   undetected_chromedriver             0x00000001022357dd undetected_chromedriver + 841693
7   undetected_chromedriver             0x0000000102252b9b undetected_chromedriver + 961435
8   undetected_chromedriver             0x0000000102235553 undetected_chromedriver + 841043
9   undetected_chromedriver             0x00000001022067f6 undetected_chromedriver + 649206
10  undetected_chromedriver             0x000000010220705e undetected_chromedriver + 651358
11  undetected_chromedriver             0x000000010261bab0 undetected_chromedriver + 4930224
12  undetected_chromedriver             0x00000001026209c6 undetected_chromedriver + 4950470
13  undetected_chromedriver             0x0000000102621095 undetected_chromedriver + 4952213
14  undetected_chromedriver             0x00000001025fde79 undetected_chromedriver + 4808313
15  undetected_chromedriver             0x0000000102621389 undetected_chromedriver + 4952969
16  undetected_chromedriver             0x00000001025ef7d4 undetected_chromedriver + 4749268
17  undetected_chromedriver             0x0000000102640558 undetected_chromedriver + 5080408
18  undetected_chromedriver             0x0000000102640717 undetected_chromedriver + 5080855
19  undetected_chromedriver             0x000000010264fe5e undetected_chromedriver + 5144158
20  libsystem_pthread.dylib             0x00007ff81b10a4e1 _pthread_start + 125
21  libsystem_pthread.dylib             0x00007ff81b105f6b thread_start + 15

2024-08-12 17:45:42,917 - INFO - patching driver executable /Users/eleven23/Library/Application Support/undetected_chromedriver/undetected_chromedriver
2024-08-12 17:45:45,089 - ERROR - Error in first step for None None on None: ('Connection aborted.', RemoteDisconnected('Remote end closed connection without response'))
2024-08-12 17:45:45,101 - ERROR - Error occurred while submitting form for None None on None: ('Connection aborted.', RemoteDisconnected('Remote end closed connection without response'))
2024-08-12 17:45:45,095 - ERROR - Error occurred while submitting form for None None on None: ('Connection aborted.', RemoteDisconnected('Remote end closed connection without response'))
2024-08-12 17:45:45,095 - ERROR - Error occurred while submitting form for None None on None: ('Connection aborted.', RemoteDisconnected('Remote end closed connection without response'))
2024-08-12 17:45:45,097 - WARNING - Retrying (Retry(total=2, connect=None, read=None, redirect=None, status=None)) after connection broken by 'NewConnectionError('<urllib3.connection.HTTPConnection object at 0x13b274410>: Failed to establish a new connection: [Errno 61] Connection refused')': /session/2b80be0c9fe5668165e7a547b13a4b66/element
2024-08-12 17:45:45,095 - ERROR - Error occurred while submitting form for None None on None: ('Connection aborted.', RemoteDisconnected('Remote end closed connection without response'))
2024-08-12 17:45:45,142 - WARNING - Retrying (Retry(total=2, connect=None, read=None, redirect=None, status=None)) after connection broken by 'NewConnectionError('<urllib3.connection.HTTPConnection object at 0x13b275850>: Failed to establish a new connection: [Errno 61] Connection refused')': /session/0c415f3b1173ad96a5cbc0ba9ab12710/screenshot
2024-08-12 17:45:45,165 - WARNING - Retrying (Retry(total=2, connect=None, read=None, redirect=None, status=None)) after connection broken by 'NewConnectionError('<urllib3.connection.HTTPConnection object at 0x13b274e00>: Failed to establish a new connection: [Errno 61] Connection refused')': /session/2ce55dfa6682d09c4b85809723d39f64/element
2024-08-12 17:45:45,166 - WARNING - Retrying (Retry(total=2, connect=None, read=None, redirect=None, status=None)) after connection broken by 'NewConnectionError('<urllib3.connection.HTTPConnection object at 0x13b2763c0>: Failed to establish a new connection: [Errno 61] Connection refused')': /session/0903df1a686ea4fb77640bf1ce53313c/execute/sync
2024-08-12 17:45:45,224 - WARNING - Retrying (Retry(total=2, connect=None, read=None, redirect=None, status=None)) after connection broken by 'NewConnectionError('<urllib3.connection.HTTPConnection object at 0x13b22aea0>: Failed to establish a new connection: [Errno 61] Connection refused')': /session/93881b74d78245b1fb273980e026dbb8/element
2024-08-12 17:45:45,228 - WARNING - Retrying (Retry(total=2, connect=None, read=None, redirect=None, status=None)) after connection broken by 'NewConnectionError('<urllib3.connection.HTTPConnection object at 0x13b2773e0>: Failed to establish a new connection: [Errno 61] Connection refused')': /session/3a35eb262d32c0291f6be6166c441116/execute/sync
2024-08-12 17:45:45,270 - WARNING - Retrying (Retry(total=1, connect=None, read=None, redirect=None, status=None)) after connection broken by 'NewConnectionError('<urllib3.connection.HTTPConnection object at 0x13b2776e0>: Failed to establish a new connection: [Errno 61] Connection refused')': /session/2b80be0c9fe5668165e7a547b13a4b66/element
2024-08-12 17:45:45,333 - WARNING - Retrying (Retry(total=2, connect=None, read=None, redirect=None, status=None)) after connection broken by 'NewConnectionError('<urllib3.connection.HTTPConnection object at 0x13b2779b0>: Failed to establish a new connection: [Errno 61] Connection refused')': /session/d213486c28160eb4ddbd89fe4793d0bb/execute/sync
2024-08-12 17:45:45,372 - WARNING - Retrying (Retry(total=1, connect=None, read=None, redirect=None, status=None)) after connection broken by 'NewConnectionError('<urllib3.connection.HTTPConnection object at 0x13b277c50>: Failed to establish a new connection: [Errno 61] Connection refused')': /session/0c415f3b1173ad96a5cbc0ba9ab12710/screenshot
2024-08-12 17:45:45,396 - WARNING - Retrying (Retry(total=1, connect=None, read=None, redirect=None, status=None)) after connection broken by 'NewConnectionError('<urllib3.connection.HTTPConnection object at 0x13b277e60>: Failed to establish a new connection: [Errno 61] Connection refused')': /session/2ce55dfa6682d09c4b85809723d39f64/element
2024-08-12 17:45:45,497 - WARNING - Retrying (Retry(total=1, connect=None, read=None, redirect=None, status=None)) after connection broken by 'NewConnectionError('<urllib3.connection.HTTPConnection object at 0x13b1e7a40>: Failed to establish a new connection: [Errno 61] Connection refused')': /session/0903df1a686ea4fb77640bf1ce53313c/execute/sync
2024-08-12 17:45:45,589 - WARNING - Retrying (Retry(total=1, connect=None, read=None, redirect=None, status=None)) after connection broken by 'NewConnectionError('<urllib3.connection.HTTPConnection object at 0x13b245f70>: Failed to establish a new connection: [Errno 61] Connection refused')': /session/93881b74d78245b1fb273980e026dbb8/element
2024-08-12 17:45:45,611 - WARNING - Retrying (Retry(total=1, connect=None, read=None, redirect=None, status=None)) after connection broken by 'NewConnectionError('<urllib3.connection.HTTPConnection object at 0x13b274230>: Failed to establish a new connection: [Errno 61] Connection refused')': /session/3a35eb262d32c0291f6be6166c441116/execute/sync
2024-08-12 17:45:45,656 - WARNING - Retrying (Retry(total=0, connect=None, read=None, redirect=None, status=None)) after connection broken by 'NewConnectionError('<urllib3.connection.HTTPConnection object at 0x13b276780>: Failed to establish a new connection: [Errno 61] Connection refused')': /session/2b80be0c9fe5668165e7a547b13a4b66/element
2024-08-12 17:45:45,695 - WARNING - Retrying (Retry(total=1, connect=None, read=None, redirect=None, status=None)) after connection broken by 'NewConnectionError('<urllib3.connection.HTTPConnection object at 0x13b2b4140>: Failed to establish a new connection: [Errno 61] Connection refused')': /session/d213486c28160eb4ddbd89fe4793d0bb/execute/sync
2024-08-12 17:45:45,734 - WARNING - Retrying (Retry(total=0, connect=None, read=None, redirect=None, status=None)) after connection broken by 'NewConnectionError('<urllib3.connection.HTTPConnection object at 0x13b2b4320>: Failed to establish a new connection: [Errno 61] Connection refused')': /session/0c415f3b1173ad96a5cbc0ba9ab12710/screenshot
2024-08-12 17:45:45,776 - WARNING - Retrying (Retry(total=0, connect=None, read=None, redirect=None, status=None)) after connection broken by 'NewConnectionError('<urllib3.connection.HTTPConnection object at 0x13b2b4530>: Failed to establish a new connection: [Errno 61] Connection refused')': /session/2ce55dfa6682d09c4b85809723d39f64/element
2024-08-12 17:45:45,856 - WARNING - Retrying (Retry(total=0, connect=None, read=None, redirect=None, status=None)) after connection broken by 'NewConnectionError('<urllib3.connection.HTTPConnection object at 0x13b2b4770>: Failed to establish a new connection: [Errno 61] Connection refused')': /session/0903df1a686ea4fb77640bf1ce53313c/execute/sync
2024-08-12 17:45:45,894 - WARNING - Retrying (Retry(total=0, connect=None, read=None, redirect=None, status=None)) after connection broken by 'NewConnectionError('<urllib3.connection.HTTPConnection object at 0x13b2b49b0>: Failed to establish a new connection: [Errno 61] Connection refused')': /session/93881b74d78245b1fb273980e026dbb8/element
2024-08-12 17:45:45,918 - WARNING - Retrying (Retry(total=0, connect=None, read=None, redirect=None, status=None)) after connection broken by 'NewConnectionError('<urllib3.connection.HTTPConnection object at 0x13b2b4bf0>: Failed to establish a new connection: [Errno 61] Connection refused')': /session/3a35eb262d32c0291f6be6166c441116/execute/sync
2024-08-12 17:45:45,958 - ERROR - Error occurred while submitting form for None None on None: HTTPConnectionPool(host='localhost', port=62070): Max retries exceeded with url: /session/2b80be0c9fe5668165e7a547b13a4b66/element (Caused by NewConnectionError('<urllib3.connection.HTTPConnection object at 0x13b2b4e30>: Failed to establish a new connection: [Errno 61] Connection refused'))
2024-08-12 17:45:45,998 - WARNING - Retrying (Retry(total=0, connect=None, read=None, redirect=None, status=None)) after connection broken by 'NewConnectionError('<urllib3.connection.HTTPConnection object at 0x13b2b5070>: Failed to establish a new connection: [Errno 61] Connection refused')': /session/d213486c28160eb4ddbd89fe4793d0bb/execute/sync
2024-08-12 17:45:46,078 - ERROR - Error occurred while submitting form for None None on None: HTTPConnectionPool(host='localhost', port=62006): Max retries exceeded with url: /session/2ce55dfa6682d09c4b85809723d39f64/element (Caused by NewConnectionError('<urllib3.connection.HTTPConnection object at 0x13b2b46e0>: Failed to establish a new connection: [Errno 61] Connection refused'))
2024-08-12 17:45:46,181 - ERROR - Error occurred while submitting form for None None on None: HTTPConnectionPool(host='localhost', port=61873): Max retries exceeded with url: /session/0903df1a686ea4fb77640bf1ce53313c/execute/sync (Caused by NewConnectionError('<urllib3.connection.HTTPConnection object at 0x13b2b55b0>: Failed to establish a new connection: [Errno 61] Connection refused'))
2024-08-12 17:45:46,302 - ERROR - Error occurred while submitting form for None None on None: HTTPConnectionPool(host='localhost', port=61814): Max retries exceeded with url: /session/93881b74d78245b1fb273980e026dbb8/element (Caused by NewConnectionError('<urllib3.connection.HTTPConnection object at 0x13b2b58e0>: Failed to establish a new connection: [Errno 61] Connection refused'))
2024-08-12 17:45:46,363 - ERROR - Error occurred while submitting form for None None on None: HTTPConnectionPool(host='localhost', port=61937): Max retries exceeded with url: /session/3a35eb262d32c0291f6be6166c441116/execute/sync (Caused by NewConnectionError('<urllib3.connection.HTTPConnection object at 0x13b2b5a30>: Failed to establish a new connection: [Errno 61] Connection refused'))
2024-08-12 17:45:46,465 - WARNING - Retrying (Retry(total=2, connect=None, read=None, redirect=None, status=None)) after connection broken by 'NewConnectionError('<urllib3.connection.HTTPConnection object at 0x13b2b5df0>: Failed to establish a new connection: [Errno 61] Connection refused')': /session/2b80be0c9fe5668165e7a547b13a4b66/execute/sync
2024-08-12 17:45:46,605 - ERROR - Error occurred while submitting form for None None on None: HTTPConnectionPool(host='localhost', port=62126): Max retries exceeded with url: /session/d213486c28160eb4ddbd89fe4793d0bb/execute/sync (Caused by NewConnectionError('<urllib3.connection.HTTPConnection object at 0x13b2b5f70>: Failed to establish a new connection: [Errno 61] Connection refused'))
2024-08-12 17:45:46,686 - WARNING - Retrying (Retry(total=2, connect=None, read=None, redirect=None, status=None)) after connection broken by 'NewConnectionError('<urllib3.connection.HTTPConnection object at 0x13b2b6330>: Failed to establish a new connection: [Errno 61] Connection refused')': /session/2ce55dfa6682d09c4b85809723d39f64/execute/sync
2024-08-12 17:45:46,724 - WARNING - Retrying (Retry(total=2, connect=None, read=None, redirect=None, status=None)) after connection broken by 'NewConnectionError('<urllib3.connection.HTTPConnection object at 0x13b2b6630>: Failed to establish a new connection: [Errno 61] Connection refused')': /session/0903df1a686ea4fb77640bf1ce53313c/screenshot
2024-08-12 17:45:46,766 - WARNING - Retrying (Retry(total=2, connect=None, read=None, redirect=None, status=None)) after connection broken by 'NewConnectionError('<urllib3.connection.HTTPConnection object at 0x13b2b6930>: Failed to establish a new connection: [Errno 61] Connection refused')': /session/93881b74d78245b1fb273980e026dbb8/screenshot
2024-08-12 17:45:46,809 - WARNING - Retrying (Retry(total=2, connect=None, read=None, redirect=None, status=None)) after connection broken by 'NewConnectionError('<urllib3.connection.HTTPConnection object at 0x13b2b6c30>: Failed to establish a new connection: [Errno 61] Connection refused')': /session/3a35eb262d32c0291f6be6166c441116/screenshot
2024-08-12 17:45:46,833 - WARNING - Retrying (Retry(total=1, connect=None, read=None, redirect=None, status=None)) after connection broken by 'NewConnectionError('<urllib3.connection.HTTPConnection object at 0x13b2b6db0>: Failed to establish a new connection: [Errno 61] Connection refused')': /session/2b80be0c9fe5668165e7a547b13a4b66/execute/sync
2024-08-12 17:45:46,872 - WARNING - Retrying (Retry(total=2, connect=None, read=None, redirect=None, status=None)) after connection broken by 'NewConnectionError('<urllib3.connection.HTTPConnection object at 0x13b2b7140>: Failed to establish a new connection: [Errno 61] Connection refused')': /session/d213486c28160eb4ddbd89fe4793d0bb/execute/sync
2024-08-12 17:45:46,942 - WARNING - Retrying (Retry(total=1, connect=None, read=None, redirect=None, status=None)) after connection broken by 'NewConnectionError('<urllib3.connection.HTTPConnection object at 0x13b2b72c0>: Failed to establish a new connection: [Errno 61] Connection refused')': /session/2ce55dfa6682d09c4b85809723d39f64/execute/sync
2024-08-12 17:45:46,980 - WARNING - Retrying (Retry(total=1, connect=None, read=None, redirect=None, status=None)) after connection broken by 'NewConnectionError('<urllib3.connection.HTTPConnection object at 0x13b2b6000>: Failed to establish a new connection: [Errno 61] Connection refused')': /session/0903df1a686ea4fb77640bf1ce53313c/screenshot
2024-08-12 17:45:47,060 - WARNING - Retrying (Retry(total=1, connect=None, read=None, redirect=None, status=None)) after connection broken by 'NewConnectionError('<urllib3.connection.HTTPConnection object at 0x13b2b7470>: Failed to establish a new connection: [Errno 61] Connection refused')': /session/93881b74d78245b1fb273980e026dbb8/screenshot
2024-08-12 17:45:47,103 - WARNING - Retrying (Retry(total=1, connect=None, read=None, redirect=None, status=None)) after connection broken by 'NewConnectionError('<urllib3.connection.HTTPConnection object at 0x13b2b7620>: Failed to establish a new connection: [Errno 61] Connection refused')': /session/3a35eb262d32c0291f6be6166c441116/screenshot
2024-08-12 17:45:47,141 - WARNING - Retrying (Retry(total=0, connect=None, read=None, redirect=None, status=None)) after connection broken by 'NewConnectionError('<urllib3.connection.HTTPConnection object at 0x13b2b7830>: Failed to establish a new connection: [Errno 61] Connection refused')': /session/2b80be0c9fe5668165e7a547b13a4b66/execute/sync
2024-08-12 17:45:47,166 - WARNING - Retrying (Retry(total=1, connect=None, read=None, redirect=None, status=None)) after connection broken by 'NewConnectionError('<urllib3.connection.HTTPConnection object at 0x13b2b7a70>: Failed to establish a new connection: [Errno 61] Connection refused')': /session/d213486c28160eb4ddbd89fe4793d0bb/execute/sync
2024-08-12 17:45:47,187 - WARNING - Retrying (Retry(total=0, connect=None, read=None, redirect=None, status=None)) after connection broken by 'NewConnectionError('<urllib3.connection.HTTPConnection object at 0x13b2b7cb0>: Failed to establish a new connection: [Errno 61] Connection refused')': /session/2ce55dfa6682d09c4b85809723d39f64/execute/sync
2024-08-12 17:45:47,211 - WARNING - Retrying (Retry(total=0, connect=None, read=None, redirect=None, status=None)) after connection broken by 'NewConnectionError('<urllib3.connection.HTTPConnection object at 0x13b2b7e90>: Failed to establish a new connection: [Errno 61] Connection refused')': /session/0903df1a686ea4fb77640bf1ce53313c/screenshot
2024-08-12 17:45:47,253 - WARNING - Retrying (Retry(total=0, connect=None, read=None, redirect=None, status=None)) after connection broken by 'NewConnectionError('<urllib3.connection.HTTPConnection object at 0x13b2f8080>: Failed to establish a new connection: [Errno 61] Connection refused')': /session/93881b74d78245b1fb273980e026dbb8/screenshot
2024-08-12 17:45:47,275 - WARNING - Retrying (Retry(total=0, connect=None, read=None, redirect=None, status=None)) after connection broken by 'NewConnectionError('<urllib3.connection.HTTPConnection object at 0x13b2f8230>: Failed to establish a new connection: [Errno 61] Connection refused')': /session/3a35eb262d32c0291f6be6166c441116/screenshot
2024-08-12 17:45:47,296 - ERROR - Error occurred while submitting form for None None on None: HTTPConnectionPool(host='localhost', port=62070): Max retries exceeded with url: /session/2b80be0c9fe5668165e7a547b13a4b66/execute/sync (Caused by NewConnectionError('<urllib3.connection.HTTPConnection object at 0x13b2f8440>: Failed to establish a new connection: [Errno 61] Connection refused'))
2024-08-12 17:45:47,317 - WARNING - Retrying (Retry(total=0, connect=None, read=None, redirect=None, status=None)) after connection broken by 'NewConnectionError('<urllib3.connection.HTTPConnection object at 0x13b2f8680>: Failed to establish a new connection: [Errno 61] Connection refused')': /session/d213486c28160eb4ddbd89fe4793d0bb/execute/sync
2024-08-12 17:45:47,338 - ERROR - Error occurred while submitting form for None None on None: HTTPConnectionPool(host='localhost', port=62006): Max retries exceeded with url: /session/2ce55dfa6682d09c4b85809723d39f64/execute/sync (Caused by NewConnectionError('<urllib3.connection.HTTPConnection object at 0x13b2f88c0>: Failed to establish a new connection: [Errno 61] Connection refused'))
2024-08-12 17:45:47,449 - WARNING - Retrying (Retry(total=2, connect=None, read=None, redirect=None, status=None)) after connection broken by 'NewConnectionError('<urllib3.connection.HTTPConnection object at 0x13b2f8f50>: Failed to establish a new connection: [Errno 61] Connection refused')': /session/2b80be0c9fe5668165e7a547b13a4b66/execute/sync
2024-08-12 17:45:47,472 - ERROR - Error occurred while submitting form for None None on None: HTTPConnectionPool(host='localhost', port=62126): Max retries exceeded with url: /session/d213486c28160eb4ddbd89fe4793d0bb/execute/sync (Caused by NewConnectionError('<urllib3.connection.HTTPConnection object at 0x13b2f8e90>: Failed to establish a new connection: [Errno 61] Connection refused'))
2024-08-12 17:45:47,495 - WARNING - Retrying (Retry(total=2, connect=None, read=None, redirect=None, status=None)) after connection broken by 'NewConnectionError('<urllib3.connection.HTTPConnection object at 0x13b2f9400>: Failed to establish a new connection: [Errno 61] Connection refused')': /session/2ce55dfa6682d09c4b85809723d39f64/execute/sync
2024-08-12 17:45:47,516 - WARNING - Retrying (Retry(total=1, connect=None, read=None, redirect=None, status=None)) after connection broken by 'NewConnectionError('<urllib3.connection.HTTPConnection object at 0x13b2f9580>: Failed to establish a new connection: [Errno 61] Connection refused')': /session/2b80be0c9fe5668165e7a547b13a4b66/execute/sync
2024-08-12 17:45:47,541 - WARNING - Retrying (Retry(total=2, connect=None, read=None, redirect=None, status=None)) after connection broken by 'NewConnectionError('<urllib3.connection.HTTPConnection object at 0x13b2f9940>: Failed to establish a new connection: [Errno 61] Connection refused')': /session/d213486c28160eb4ddbd89fe4793d0bb/screenshot
2024-08-12 17:45:47,578 - WARNING - Retrying (Retry(total=1, connect=None, read=None, redirect=None, status=None)) after connection broken by 'NewConnectionError('<urllib3.connection.HTTPConnection object at 0x13b2f9ac0>: Failed to establish a new connection: [Errno 61] Connection refused')': /session/2ce55dfa6682d09c4b85809723d39f64/execute/sync
2024-08-12 17:45:47,603 - WARNING - Retrying (Retry(total=0, connect=None, read=None, redirect=None, status=None)) after connection broken by 'NewConnectionError('<urllib3.connection.HTTPConnection object at 0x13b2f9d00>: Failed to establish a new connection: [Errno 61] Connection refused')': /session/2b80be0c9fe5668165e7a547b13a4b66/execute/sync
2024-08-12 17:45:47,626 - WARNING - Retrying (Retry(total=1, connect=None, read=None, redirect=None, status=None)) after connection broken by 'NewConnectionError('<urllib3.connection.HTTPConnection object at 0x13b2f9ee0>: Failed to establish a new connection: [Errno 61] Connection refused')': /session/d213486c28160eb4ddbd89fe4793d0bb/screenshot
2024-08-12 17:45:47,649 - WARNING - Retrying (Retry(total=0, connect=None, read=None, redirect=None, status=None)) after connection broken by 'NewConnectionError('<urllib3.connection.HTTPConnection object at 0x13b2fa0f0>: Failed to establish a new connection: [Errno 61] Connection refused')': /session/2ce55dfa6682d09c4b85809723d39f64/execute/sync
2024-08-12 17:45:47,651 - ERROR - Error occurred while submitting form for None None on None: HTTPConnectionPool(host='localhost', port=62070): Max retries exceeded with url: /session/2b80be0c9fe5668165e7a547b13a4b66/execute/sync (Caused by NewConnectionError('<urllib3.connection.HTTPConnection object at 0x13b2fa300>: Failed to establish a new connection: [Errno 61] Connection refused'))
2024-08-12 17:45:47,678 - WARNING - Retrying (Retry(total=0, connect=None, read=None, redirect=None, status=None)) after connection broken by 'NewConnectionError('<urllib3.connection.HTTPConnection object at 0x13b2fa510>: Failed to establish a new connection: [Errno 61] Connection refused')': /session/d213486c28160eb4ddbd89fe4793d0bb/screenshot
2024-08-12 17:45:47,701 - ERROR - Error occurred while submitting form for None None on None: HTTPConnectionPool(host='localhost', port=62006): Max retries exceeded with url: /session/2ce55dfa6682d09c4b85809723d39f64/execute/sync (Caused by NewConnectionError('<urllib3.connection.HTTPConnection object at 0x13b2b5340>: Failed to establish a new connection: [Errno 61] Connection refused'))
2024-08-12 17:45:47,707 - WARNING - Retrying (Retry(total=2, connect=None, read=None, redirect=None, status=None)) after connection broken by 'NewConnectionError('<urllib3.connection.HTTPConnection object at 0x13b2b7950>: Failed to establish a new connection: [Errno 61] Connection refused')': /session/2b80be0c9fe5668165e7a547b13a4b66/screenshot
2024-08-12 17:45:47,811 - WARNING - Retrying (Retry(total=2, connect=None, read=None, redirect=None, status=None)) after connection broken by 'NewConnectionError('<urllib3.connection.HTTPConnection object at 0x13b2b7290>: Failed to establish a new connection: [Errno 61] Connection refused')': /session/2ce55dfa6682d09c4b85809723d39f64/screenshot
2024-08-12 17:45:47,850 - WARNING - Retrying (Retry(total=1, connect=None, read=None, redirect=None, status=None)) after connection broken by 'NewConnectionError('<urllib3.connection.HTTPConnection object at 0x13b2b7350>: Failed to establish a new connection: [Errno 61] Connection refused')': /session/2b80be0c9fe5668165e7a547b13a4b66/screenshot
2024-08-12 17:45:47,851 - WARNING - Retrying (Retry(total=1, connect=None, read=None, redirect=None, status=None)) after connection broken by 'NewConnectionError('<urllib3.connection.HTTPConnection object at 0x13b2b6330>: Failed to establish a new connection: [Errno 61] Connection refused')': /session/2ce55dfa6682d09c4b85809723d39f64/screenshot
2024-08-12 17:45:47,910 - WARNING - Retrying (Retry(total=0, connect=None, read=None, redirect=None, status=None)) after connection broken by 'NewConnectionError('<urllib3.connection.HTTPConnection object at 0x13b2b5dc0>: Failed to establish a new connection: [Errno 61] Connection refused')': /session/2b80be0c9fe5668165e7a547b13a4b66/screenshot
2024-08-12 17:45:47,933 - WARNING - Retrying (Retry(total=0, connect=None, read=None, redirect=None, status=None)) after connection broken by 'NewConnectionError('<urllib3.connection.HTTPConnection object at 0x13b2b45c0>: Failed to establish a new connection: [Errno 61] Connection refused')': /session/2ce55dfa6682d09c4b85809723d39f64/screenshot
2024-08-12 17:45:48,711 - INFO - patching driver executable /Users/eleven23/Library/Application Support/undetected_chromedriver/undetected_chromedriver
2024-08-12 17:45:51,598 - INFO - patching driver executable /Users/eleven23/Library/Application Support/undetected_chromedriver/undetected_chromedriver
2024-08-12 17:45:55,327 - INFO - patching driver executable /Users/eleven23/Library/Application Support/undetected_chromedriver/undetected_chromedriver
2024-08-12 17:46:01,391 - INFO - patching driver executable /Users/eleven23/Library/Application Support/undetected_chromedriver/undetected_chromedriver
2024-08-12 17:46:01,838 - WARNING - Retrying (Retry(total=2, connect=None, read=None, redirect=None, status=None)) after connection broken by 'NewConnectionError('<urllib3.connection.HTTPConnection object at 0x13b1f1e50>: Failed to establish a new connection: [Errno 61] Connection refused')': /session/dbf4990fe5ee0f4b07cc770319268cd4/element
2024-08-12 17:46:01,842 - WARNING - Retrying (Retry(total=1, connect=None, read=None, redirect=None, status=None)) after connection broken by 'NewConnectionError('<urllib3.connection.HTTPConnection object at 0x13b2fb440>: Failed to establish a new connection: [Errno 61] Connection refused')': /session/dbf4990fe5ee0f4b07cc770319268cd4/element
2024-08-12 17:46:01,903 - WARNING - Retrying (Retry(total=0, connect=None, read=None, redirect=None, status=None)) after connection broken by 'NewConnectionError('<urllib3.connection.HTTPConnection object at 0x13b2fb350>: Failed to establish a new connection: [Errno 61] Connection refused')': /session/dbf4990fe5ee0f4b07cc770319268cd4/element
2024-08-12 17:46:02,080 - ERROR - Error occurred while submitting form for None None on None: HTTPConnectionPool(host='localhost', port=62432): Max retries exceeded with url: /session/dbf4990fe5ee0f4b07cc770319268cd4/element (Caused by NewConnectionError('<urllib3.connection.HTTPConnection object at 0x13b2fb1a0>: Failed to establish a new connection: [Errno 61] Connection refused'))
2024-08-12 17:46:02,090 - WARNING - Retrying (Retry(total=2, connect=None, read=None, redirect=None, status=None)) after connection broken by 'NewConnectionError('<urllib3.connection.HTTPConnection object at 0x13b277b00>: Failed to establish a new connection: [Errno 61] Connection refused')': /session/7a2f60bc5946bd26237995b5a90cab52/element
2024-08-12 17:46:02,093 - WARNING - Retrying (Retry(total=2, connect=None, read=None, redirect=None, status=None)) after connection broken by 'NewConnectionError('<urllib3.connection.HTTPConnection object at 0x13b235430>: Failed to establish a new connection: [Errno 61] Connection refused')': /session/3173555b283075be228a080d4f781765/element
2024-08-12 17:46:02,178 - WARNING - Retrying (Retry(total=2, connect=None, read=None, redirect=None, status=None)) after connection broken by 'NewConnectionError('<urllib3.connection.HTTPConnection object at 0x13b2fad80>: Failed to establish a new connection: [Errno 61] Connection refused')': /session/dbf4990fe5ee0f4b07cc770319268cd4/execute/sync
2024-08-12 17:46:02,230 - WARNING - Retrying (Retry(total=1, connect=None, read=None, redirect=None, status=None)) after connection broken by 'NewConnectionError('<urllib3.connection.HTTPConnection object at 0x13b2fae70>: Failed to establish a new connection: [Errno 61] Connection refused')': /session/7a2f60bc5946bd26237995b5a90cab52/element
2024-08-12 17:46:02,271 - WARNING - Retrying (Retry(total=1, connect=None, read=None, redirect=None, status=None)) after connection broken by 'NewConnectionError('<urllib3.connection.HTTPConnection object at 0x13b2fb8f0>: Failed to establish a new connection: [Errno 61] Connection refused')': /session/3173555b283075be228a080d4f781765/element
2024-08-12 17:46:02,293 - WARNING - Retrying (Retry(total=1, connect=None, read=None, redirect=None, status=None)) after connection broken by 'NewConnectionError('<urllib3.connection.HTTPConnection object at 0x13b2fbad0>: Failed to establish a new connection: [Errno 61] Connection refused')': /session/dbf4990fe5ee0f4b07cc770319268cd4/execute/sync
2024-08-12 17:46:02,332 - WARNING - Retrying (Retry(total=0, connect=None, read=None, redirect=None, status=None)) after connection broken by 'NewConnectionError('<urllib3.connection.HTTPConnection object at 0x13b23c6e0>: Failed to establish a new connection: [Errno 61] Connection refused')': /session/7a2f60bc5946bd26237995b5a90cab52/element
2024-08-12 17:46:02,357 - WARNING - Retrying (Retry(total=0, connect=None, read=None, redirect=None, status=None)) after connection broken by 'NewConnectionError('<urllib3.connection.HTTPConnection object at 0x13b2faf90>: Failed to establish a new connection: [Errno 61] Connection refused')': /session/3173555b283075be228a080d4f781765/element
2024-08-12 17:46:02,378 - WARNING - Retrying (Retry(total=0, connect=None, read=None, redirect=None, status=None)) after connection broken by 'NewConnectionError('<urllib3.connection.HTTPConnection object at 0x13b2faed0>: Failed to establish a new connection: [Errno 61] Connection refused')': /session/dbf4990fe5ee0f4b07cc770319268cd4/execute/sync
2024-08-12 17:46:02,405 - ERROR - Error occurred while submitting form for None None on None: HTTPConnectionPool(host='localhost', port=62368): Max retries exceeded with url: /session/7a2f60bc5946bd26237995b5a90cab52/element (Caused by NewConnectionError('<urllib3.connection.HTTPConnection object at 0x13b2fb440>: Failed to establish a new connection: [Errno 61] Connection refused'))
2024-08-12 17:46:02,426 - ERROR - Error occurred while submitting form for None None on None: HTTPConnectionPool(host='localhost', port=62317): Max retries exceeded with url: /session/3173555b283075be228a080d4f781765/element (Caused by NewConnectionError('<urllib3.connection.HTTPConnection object at 0x13b2fb380>: Failed to establish a new connection: [Errno 61] Connection refused'))
2024-08-12 17:46:02,501 - ERROR - Error occurred while submitting form for None None on None: HTTPConnectionPool(host='localhost', port=62432): Max retries exceeded with url: /session/dbf4990fe5ee0f4b07cc770319268cd4/execute/sync (Caused by NewConnectionError('<urllib3.connection.HTTPConnection object at 0x13b2fbe60>: Failed to establish a new connection: [Errno 61] Connection refused'))
2024-08-12 17:46:02,539 - WARNING - Retrying (Retry(total=2, connect=None, read=None, redirect=None, status=None)) after connection broken by 'NewConnectionError('<urllib3.connection.HTTPConnection object at 0x13b338260>: Failed to establish a new connection: [Errno 61] Connection refused')': /session/7a2f60bc5946bd26237995b5a90cab52/execute/sync
2024-08-12 17:46:02,566 - WARNING - Retrying (Retry(total=2, connect=None, read=None, redirect=None, status=None)) after connection broken by 'NewConnectionError('<urllib3.connection.HTTPConnection object at 0x13b338560>: Failed to establish a new connection: [Errno 61] Connection refused')': /session/3173555b283075be228a080d4f781765/execute/sync
2024-08-12 17:46:02,626 - WARNING - Retrying (Retry(total=2, connect=None, read=None, redirect=None, status=None)) after connection broken by 'NewConnectionError('<urllib3.connection.HTTPConnection object at 0x13b338860>: Failed to establish a new connection: [Errno 61] Connection refused')': /session/dbf4990fe5ee0f4b07cc770319268cd4/execute/sync
2024-08-12 17:46:02,645 - WARNING - Retrying (Retry(total=1, connect=None, read=None, redirect=None, status=None)) after connection broken by 'NewConnectionError('<urllib3.connection.HTTPConnection object at 0x13b3389e0>: Failed to establish a new connection: [Errno 61] Connection refused')': /session/7a2f60bc5946bd26237995b5a90cab52/execute/sync
2024-08-12 17:46:02,683 - WARNING - Retrying (Retry(total=1, connect=None, read=None, redirect=None, status=None)) after connection broken by 'NewConnectionError('<urllib3.connection.HTTPConnection object at 0x13b338c20>: Failed to establish a new connection: [Errno 61] Connection refused')': /session/3173555b283075be228a080d4f781765/execute/sync
2024-08-12 17:46:02,703 - WARNING - Retrying (Retry(total=1, connect=None, read=None, redirect=None, status=None)) after connection broken by 'NewConnectionError('<urllib3.connection.HTTPConnection object at 0x13b338e60>: Failed to establish a new connection: [Errno 61] Connection refused')': /session/dbf4990fe5ee0f4b07cc770319268cd4/execute/sync
2024-08-12 17:46:02,743 - WARNING - Retrying (Retry(total=0, connect=None, read=None, redirect=None, status=None)) after connection broken by 'NewConnectionError('<urllib3.connection.HTTPConnection object at 0x13b3390a0>: Failed to establish a new connection: [Errno 61] Connection refused')': /session/7a2f60bc5946bd26237995b5a90cab52/execute/sync
2024-08-12 17:46:02,766 - WARNING - Retrying (Retry(total=0, connect=None, read=None, redirect=None, status=None)) after connection broken by 'NewConnectionError('<urllib3.connection.HTTPConnection object at 0x13b3392e0>: Failed to establish a new connection: [Errno 61] Connection refused')': /session/3173555b283075be228a080d4f781765/execute/sync
2024-08-12 17:46:02,790 - WARNING - Retrying (Retry(total=0, connect=None, read=None, redirect=None, status=None)) after connection broken by 'NewConnectionError('<urllib3.connection.HTTPConnection object at 0x13b23c740>: Failed to establish a new connection: [Errno 61] Connection refused')': /session/dbf4990fe5ee0f4b07cc770319268cd4/execute/sync
2024-08-12 17:46:02,791 - ERROR - Error occurred while submitting form for None None on None: HTTPConnectionPool(host='localhost', port=62368): Max retries exceeded with url: /session/7a2f60bc5946bd26237995b5a90cab52/execute/sync (Caused by NewConnectionError('<urllib3.connection.HTTPConnection object at 0x13b2fbe90>: Failed to establish a new connection: [Errno 61] Connection refused'))
2024-08-12 17:46:02,831 - ERROR - Error occurred while submitting form for None None on None: HTTPConnectionPool(host='localhost', port=62317): Max retries exceeded with url: /session/3173555b283075be228a080d4f781765/execute/sync (Caused by NewConnectionError('<urllib3.connection.HTTPConnection object at 0x13b2fbbc0>: Failed to establish a new connection: [Errno 61] Connection refused'))
2024-08-12 17:46:02,873 - ERROR - Error occurred while submitting form for None None on None: HTTPConnectionPool(host='localhost', port=62432): Max retries exceeded with url: /session/dbf4990fe5ee0f4b07cc770319268cd4/execute/sync (Caused by NewConnectionError('<urllib3.connection.HTTPConnection object at 0x13b2fb5f0>: Failed to establish a new connection: [Errno 61] Connection refused'))
2024-08-12 17:46:02,897 - WARNING - Retrying (Retry(total=2, connect=None, read=None, redirect=None, status=None)) after connection broken by 'NewConnectionError('<urllib3.connection.HTTPConnection object at 0x13b2faf90>: Failed to establish a new connection: [Errno 61] Connection refused')': /session/7a2f60bc5946bd26237995b5a90cab52/execute/sync
2024-08-12 17:46:02,933 - WARNING - Retrying (Retry(total=2, connect=None, read=None, redirect=None, status=None)) after connection broken by 'NewConnectionError('<urllib3.connection.HTTPConnection object at 0x13b339460>: Failed to establish a new connection: [Errno 61] Connection refused')': /session/3173555b283075be228a080d4f781765/execute/sync
2024-08-12 17:46:02,934 - WARNING - Retrying (Retry(total=2, connect=None, read=None, redirect=None, status=None)) after connection broken by 'NewConnectionError('<urllib3.connection.HTTPConnection object at 0x13b339670>: Failed to establish a new connection: [Errno 61] Connection refused')': /session/dbf4990fe5ee0f4b07cc770319268cd4/screenshot
2024-08-12 17:46:02,956 - WARNING - Retrying (Retry(total=1, connect=None, read=None, redirect=None, status=None)) after connection broken by 'NewConnectionError('<urllib3.connection.HTTPConnection object at 0x13b339880>: Failed to establish a new connection: [Errno 61] Connection refused')': /session/7a2f60bc5946bd26237995b5a90cab52/execute/sync
2024-08-12 17:46:02,994 - WARNING - Retrying (Retry(total=1, connect=None, read=None, redirect=None, status=None)) after connection broken by 'NewConnectionError('<urllib3.connection.HTTPConnection object at 0x13b339ac0>: Failed to establish a new connection: [Errno 61] Connection refused')': /session/3173555b283075be228a080d4f781765/execute/sync
2024-08-12 17:46:02,994 - WARNING - Retrying (Retry(total=1, connect=None, read=None, redirect=None, status=None)) after connection broken by 'NewConnectionError('<urllib3.connection.HTTPConnection object at 0x13b339c10>: Failed to establish a new connection: [Errno 61] Connection refused')': /session/dbf4990fe5ee0f4b07cc770319268cd4/screenshot
2024-08-12 17:46:02,994 - WARNING - Retrying (Retry(total=0, connect=None, read=None, redirect=None, status=None)) after connection broken by 'NewConnectionError('<urllib3.connection.HTTPConnection object at 0x13b339dc0>: Failed to establish a new connection: [Errno 61] Connection refused')': /session/7a2f60bc5946bd26237995b5a90cab52/execute/sync
2024-08-12 17:46:03,020 - WARNING - Retrying (Retry(total=0, connect=None, read=None, redirect=None, status=None)) after connection broken by 'NewConnectionError('<urllib3.connection.HTTPConnection object at 0x13b33a0f0>: Failed to establish a new connection: [Errno 61] Connection refused')': /session/3173555b283075be228a080d4f781765/execute/sync
2024-08-12 17:46:03,020 - WARNING - Retrying (Retry(total=0, connect=None, read=None, redirect=None, status=None)) after connection broken by 'NewConnectionError('<urllib3.connection.HTTPConnection object at 0x13b33a240>: Failed to establish a new connection: [Errno 61] Connection refused')': /session/dbf4990fe5ee0f4b07cc770319268cd4/screenshot
2024-08-12 17:46:03,021 - ERROR - Error occurred while submitting form for None None on None: HTTPConnectionPool(host='localhost', port=62368): Max retries exceeded with url: /session/7a2f60bc5946bd26237995b5a90cab52/execute/sync (Caused by NewConnectionError('<urllib3.connection.HTTPConnection object at 0x13b33a3f0>: Failed to establish a new connection: [Errno 61] Connection refused'))
2024-08-12 17:46:03,045 - ERROR - Error occurred while submitting form for None None on None: HTTPConnectionPool(host='localhost', port=62317): Max retries exceeded with url: /session/3173555b283075be228a080d4f781765/execute/sync (Caused by NewConnectionError('<urllib3.connection.HTTPConnection object at 0x13b2fbcb0>: Failed to establish a new connection: [Errno 61] Connection refused'))
2024-08-12 17:46:03,051 - WARNING - Retrying (Retry(total=2, connect=None, read=None, redirect=None, status=None)) after connection broken by 'NewConnectionError('<urllib3.connection.HTTPConnection object at 0x13b33a810>: Failed to establish a new connection: [Errno 61] Connection refused')': /session/7a2f60bc5946bd26237995b5a90cab52/screenshot
2024-08-12 17:46:03,090 - WARNING - Retrying (Retry(total=2, connect=None, read=None, redirect=None, status=None)) after connection broken by 'NewConnectionError('<urllib3.connection.HTTPConnection object at 0x13b33aab0>: Failed to establish a new connection: [Errno 61] Connection refused')': /session/3173555b283075be228a080d4f781765/screenshot
2024-08-12 17:46:03,090 - WARNING - Retrying (Retry(total=1, connect=None, read=None, redirect=None, status=None)) after connection broken by 'NewConnectionError('<urllib3.connection.HTTPConnection object at 0x13b33ab40>: Failed to establish a new connection: [Errno 61] Connection refused')': /session/7a2f60bc5946bd26237995b5a90cab52/screenshot
2024-08-12 17:46:03,129 - WARNING - Retrying (Retry(total=1, connect=None, read=None, redirect=None, status=None)) after connection broken by 'NewConnectionError('<urllib3.connection.HTTPConnection object at 0x13b33ad80>: Failed to establish a new connection: [Errno 61] Connection refused')': /session/3173555b283075be228a080d4f781765/screenshot
2024-08-12 17:46:03,167 - WARNING - Retrying (Retry(total=0, connect=None, read=None, redirect=None, status=None)) after connection broken by 'NewConnectionError('<urllib3.connection.HTTPConnection object at 0x13b33af30>: Failed to establish a new connection: [Errno 61] Connection refused')': /session/7a2f60bc5946bd26237995b5a90cab52/screenshot
2024-08-12 17:46:03,167 - WARNING - Retrying (Retry(total=0, connect=None, read=None, redirect=None, status=None)) after connection broken by 'NewConnectionError('<urllib3.connection.HTTPConnection object at 0x13b33b020>: Failed to establish a new connection: [Errno 61] Connection refused')': /session/3173555b283075be228a080d4f781765/screenshot
